21:14:08	[35mDEBUG[0m	[37;40mLogRotate[0m	é…ç½®	{"é…ç½®": path: ./logs
size: 0
days: 1
formatter: 2006-01-02T15}
21:14:08	[34mINFO[0m	[37;40mMonitor[0m	åˆå§‹åŒ–	{"ç‰ˆæœ¬": "v4.0.3"}
21:14:08	[35mDEBUG[0m	åˆå¹¶é…ç½®subdataargname:dts
21:14:08	[35mDEBUG[0m	åˆå¹¶é…ç½®subdatatracks:[]
21:14:08	[35mDEBUG[0m	åˆå¹¶é…ç½®iframeonly:false
21:14:08	[35mDEBUG[0m	åˆå¹¶é…ç½®key:
21:14:08	[35mDEBUG[0m	åˆå¹¶é…ç½®secretargname:secret
21:14:08	[35mDEBUG[0m	åˆå¹¶é…ç½®expireargname:expire
21:14:08	[35mDEBUG[0m	åˆå¹¶é…ç½®subaudio:true
21:14:08	[35mDEBUG[0m	åˆå¹¶é…ç½®subaudioargname:ats
21:14:08	[35mDEBUG[0m	åˆå¹¶é…ç½®submode:0
21:14:08	[35mDEBUG[0m	åˆå¹¶é…ç½®waittimeout:10s
21:14:08	[35mDEBUG[0m	åˆå¹¶é…ç½®writebuffersize:0
21:14:08	[35mDEBUG[0m	existinternal
21:14:08	[35mDEBUG[0m	åˆå¹¶é…ç½®subvideoargname:vts
21:14:08	[35mDEBUG[0m	åˆå¹¶é…ç½®submodeargname:mode
21:14:08	[35mDEBUG[0m	åˆå¹¶é…ç½®subaudiotracks:[]
21:14:08	[35mDEBUG[0m	åˆå¹¶é…ç½®syncmode:0
21:14:08	[35mDEBUG[0m	åˆå¹¶é…ç½®subvideo:true
21:14:08	[35mDEBUG[0m	åˆå¹¶é…ç½®subvideotracks:[]
21:14:08	[35mDEBUG[0m	[37;40mMonitor[0m	httpå¤„ç†å™¨å·²æ·»åŠ 	{"pattern": "/api/list/stream"}
21:14:08	[35mDEBUG[0m	[37;40mMonitor[0m	httpå¤„ç†å™¨å·²æ·»åŠ åˆ°å¼•æ“	{"pattern": "/monitor/api/list/stream"}
21:14:08	[35mDEBUG[0m	[37;40mMonitor[0m	httpå¤„ç†å™¨å·²æ·»åŠ 	{"pattern": "/api/list/track"}
21:14:08	[35mDEBUG[0m	[37;40mMonitor[0m	httpå¤„ç†å™¨å·²æ·»åŠ åˆ°å¼•æ“	{"pattern": "/monitor/api/list/track"}
21:14:08	[35mDEBUG[0m	[37;40mMonitor[0m	httpå¤„ç†å™¨å·²æ·»åŠ 	{"pattern": "/"}
21:14:08	[35mDEBUG[0m	[37;40mMonitor[0m	httpå¤„ç†å™¨å·²æ·»åŠ åˆ°å¼•æ“	{"pattern": "/monitor/"}
21:14:08	[35mDEBUG[0m	[37;40mMonitor[0m	é…ç½®	{"é…ç½®": defaultyaml: |-
    subscribe:
      internal: true
http:
    listenaddr: :8080
    listenaddrtls: :8443
    certfile: ""
    keyfile: ""
    cors: true
    username: ""
    password: ""
    readtimeout: 0s
    writetimeout: 0s
    idletimeout: 0s
subscribe:
    subaudio: true
    subvideo: true
    subvideoargname: vts
    subaudioargname: ats
    subdataargname: dts
    submodeargname: mode
    subaudiotracks: []
    subvideotracks: []
    subdatatracks: []
    submode: 0
    syncmode: 0
    iframeonly: false
    waittimeout: 10s
    writebuffersize: 0
    key: ""
    secretargname: secret
    expireargname: expire
    internal: true
path: monitor}
21:14:08	[34mINFO[0m	[37;40mPreview[0m	åˆå§‹åŒ–	{"ç‰ˆæœ¬": "v4.1.2"}
21:14:08	[35mDEBUG[0m	[37;40mPreview[0m	httpå¤„ç†å™¨å·²æ·»åŠ åˆ°å¼•æ“	{"pattern": "/preview/"}
21:14:08	[35mDEBUG[0m	[37;40mPreview[0m	é…ç½®	{"é…ç½®": {}}
21:14:08	[34mINFO[0m	[37;40mPS[0m	åˆå§‹åŒ–	{"ç‰ˆæœ¬": "v4.0.9"}
21:14:08	[35mDEBUG[0m	[37;40mPS[0m	httpå¤„ç†å™¨å·²æ·»åŠ 	{"pattern": "/api/receive"}
21:14:08	[35mDEBUG[0m	[37;40mPS[0m	httpå¤„ç†å™¨å·²æ·»åŠ åˆ°å¼•æ“	{"pattern": "/ps/api/receive"}
21:14:08	[35mDEBUG[0m	[37;40mPS[0m	httpå¤„ç†å™¨å·²æ·»åŠ 	{"pattern": "/api/replay"}
21:14:08	[35mDEBUG[0m	[37;40mPS[0m	httpå¤„ç†å™¨å·²æ·»åŠ åˆ°å¼•æ“	{"pattern": "/ps/api/replay"}
21:14:08	[35mDEBUG[0m	[37;40mPS[0m	httpå¤„ç†å™¨å·²æ·»åŠ 	{"pattern": "/"}
21:14:08	[35mDEBUG[0m	[37;40mPS[0m	httpå¤„ç†å™¨å·²æ·»åŠ åˆ°å¼•æ“	{"pattern": "/ps/"}
21:14:08	[35mDEBUG[0m	[37;40mPS[0m	é…ç½®	{"é…ç½®": http:
    listenaddr: :8080
    listenaddrtls: :8443
    certfile: ""
    keyfile: ""
    cors: true
    username: ""
    password: ""
    readtimeout: 0s
    writetimeout: 0s
    idletimeout: 0s
publish:
    pubaudio: true
    pubvideo: true
    insertsei: false
    kickexist: false
    publishtimeout: 10s
    waitclosetimeout: 0s
    delayclosetimeout: 0s
    idletimeout: 0s
    pausetimeout: 30s
    buffertime: 0s
    speedlimit: 500ms
    key: ""
    secretargname: secret
    expireargname: expire
    ringsize: 256
    ringsizemax: 1024
subscribe:
    subaudio: true
    subvideo: true
    subvideoargname: vts
    subaudioargname: ats
    subdataargname: dts
    submodeargname: mode
    subaudiotracks: []
    subvideotracks: []
    subdatatracks: []
    submode: 0
    syncmode: 0
    iframeonly: false
    waittimeout: 10s
    writebuffersize: 0
    key: ""
    secretargname: secret
    expireargname: expire
    internal: false
relaymode: 0}
21:14:08	[34mINFO[0m	[37;40mGB28181[0m	åˆå§‹åŒ–	{"ç‰ˆæœ¬": "v4.4.0"}
21:14:08	[35mDEBUG[0m	[37;40mGB28181[0m	httpå¤„ç†å™¨å·²æ·»åŠ åˆ°å¼•æ“	{"pattern": "/gb28181/api/bye"}
21:14:08	[35mDEBUG[0m	[37;40mGB28181[0m	httpå¤„ç†å™¨å·²æ·»åŠ åˆ°å¼•æ“	{"pattern": "/gb28181/api/control"}
21:14:08	[35mDEBUG[0m	[37;40mGB28181[0m	httpå¤„ç†å™¨å·²æ·»åŠ åˆ°å¼•æ“	{"pattern": "/gb28181/api/get/position"}
21:14:08	[35mDEBUG[0m	[37;40mGB28181[0m	httpå¤„ç†å™¨å·²æ·»åŠ åˆ°å¼•æ“	{"pattern": "/gb28181/api/invite"}
21:14:08	[35mDEBUG[0m	[37;40mGB28181[0m	httpå¤„ç†å™¨å·²æ·»åŠ åˆ°å¼•æ“	{"pattern": "/gb28181/api/list"}
21:14:08	[35mDEBUG[0m	[37;40mGB28181[0m	httpå¤„ç†å™¨å·²æ·»åŠ åˆ°å¼•æ“	{"pattern": "/gb28181/api/play/forward"}
21:14:08	[35mDEBUG[0m	[37;40mGB28181[0m	httpå¤„ç†å™¨å·²æ·»åŠ åˆ°å¼•æ“	{"pattern": "/gb28181/api/play/pause"}
21:14:08	[35mDEBUG[0m	[37;40mGB28181[0m	httpå¤„ç†å™¨å·²æ·»åŠ åˆ°å¼•æ“	{"pattern": "/gb28181/api/play/resume"}
21:14:08	[35mDEBUG[0m	[37;40mGB28181[0m	httpå¤„ç†å™¨å·²æ·»åŠ åˆ°å¼•æ“	{"pattern": "/gb28181/api/play/seek"}
21:14:08	[35mDEBUG[0m	[37;40mGB28181[0m	httpå¤„ç†å™¨å·²æ·»åŠ åˆ°å¼•æ“	{"pattern": "/gb28181/api/position"}
21:14:08	[35mDEBUG[0m	[37;40mGB28181[0m	httpå¤„ç†å™¨å·²æ·»åŠ åˆ°å¼•æ“	{"pattern": "/gb28181/api/ptz"}
21:14:08	[35mDEBUG[0m	[37;40mGB28181[0m	httpå¤„ç†å™¨å·²æ·»åŠ åˆ°å¼•æ“	{"pattern": "/gb28181/api/records"}
21:14:08	[34mINFO[0m	[37;40mGB28181[0m	[32mServer gb28181 start at[0m [94m0.0.0.0:5060[0m
21:14:08	[35mDEBUG[0m	[37;40mGB28181[0m	start job
21:14:08	[35mDEBUG[0m	[37;40mGB28181[0m	é…ç½®	{"é…ç½®": invitemode: 1
inviteids: ""
listenaddr: 0.0.0.0
sipnetwork: udp
sipip: ""
sipport: 5060
serial: "34020000002000000001"
realm: "3402000000"
username: ""
password: ""
port:
    sip: udp:5060
    media: tcp:58200-59200
registervalidity: 1h0m0s
heartbeatinterval: 1m0s
mediaip: ""
mediaport: 58200
medianetwork: tcp
mediaportmin: 58200
mediaportmax: 59200
removebaninterval: 10m0s
loglevel: info
dumppath: ""
ignores: {}
position:
    autosubposition: false
    expires: 1h0m0s
    interval: 6s}
21:14:08	[34mINFO[0m	[37;40mRecord[0m	åˆå§‹åŒ–	{"ç‰ˆæœ¬": "v4.4.2-0.20230818060709-6c289bbcd27f"}
21:14:08	[35mDEBUG[0m	existinternal
21:14:08	[35mDEBUG[0m	åˆå¹¶é…ç½®subaudio:true
21:14:08	[35mDEBUG[0m	åˆå¹¶é…ç½®subaudioargname:ats
21:14:08	[35mDEBUG[0m	existsubmode
21:14:08	[35mDEBUG[0m	åˆå¹¶é…ç½®waittimeout:10s
21:14:08	[35mDEBUG[0m	åˆå¹¶é…ç½®writebuffersize:0
21:14:08	[35mDEBUG[0m	åˆå¹¶é…ç½®subvideoargname:vts
21:14:08	[35mDEBUG[0m	åˆå¹¶é…ç½®submodeargname:mode
21:14:08	[35mDEBUG[0m	åˆå¹¶é…ç½®subaudiotracks:[]
21:14:08	[35mDEBUG[0m	åˆå¹¶é…ç½®syncmode:0
21:14:08	[35mDEBUG[0m	åˆå¹¶é…ç½®subvideo:true
21:14:08	[35mDEBUG[0m	åˆå¹¶é…ç½®subvideotracks:[]
21:14:08	[35mDEBUG[0m	åˆå¹¶é…ç½®expireargname:expire
21:14:08	[35mDEBUG[0m	åˆå¹¶é…ç½®subdataargname:dts
21:14:08	[35mDEBUG[0m	åˆå¹¶é…ç½®subdatatracks:[]
21:14:08	[35mDEBUG[0m	åˆå¹¶é…ç½®iframeonly:false
21:14:08	[35mDEBUG[0m	åˆå¹¶é…ç½®key:
21:14:08	[35mDEBUG[0m	åˆå¹¶é…ç½®secretargname:secret
21:14:08	[35mDEBUG[0m	[37;40mRecord[0m	httpå¤„ç†å™¨å·²æ·»åŠ åˆ°å¼•æ“	{"pattern": "/record/api/list"}
21:14:08	[35mDEBUG[0m	[37;40mRecord[0m	httpå¤„ç†å™¨å·²æ·»åŠ åˆ°å¼•æ“	{"pattern": "/record/api/list/recording"}
21:14:08	[35mDEBUG[0m	[37;40mRecord[0m	httpå¤„ç†å™¨å·²æ·»åŠ åˆ°å¼•æ“	{"pattern": "/record/api/start"}
21:14:08	[35mDEBUG[0m	[37;40mRecord[0m	httpå¤„ç†å™¨å·²æ·»åŠ åˆ°å¼•æ“	{"pattern": "/record/api/stop"}
21:14:08	[35mDEBUG[0m	[37;40mRecord[0m	httpå¤„ç†å™¨å·²æ·»åŠ åˆ°å¼•æ“	{"pattern": "/record/"}
21:14:08	[35mDEBUG[0m	[37;40mRecord[0m	é…ç½®	{"é…ç½®": defaultyaml: |-
    subscribe:
      submode: 1
      internal: true
subscribe:
    subaudio: true
    subvideo: true
    subvideoargname: vts
    subaudioargname: ats
    subdataargname: dts
    submodeargname: mode
    subaudiotracks: []
    subvideotracks: []
    subdatatracks: []
    submode: 1
    syncmode: 0
    iframeonly: false
    waittimeout: 10s
    writebuffersize: 0
    key: ""
    secretargname: secret
    expireargname: expire
    internal: true
flv:
    ext: .flv
    path: record/flv
    autorecord: false
    filter: ""
    fragment: 0s
mp4:
    ext: .mp4
    path: record/mp4
    autorecord: false
    filter: ""
    fragment: 0s
fmp4:
    ext: .mp4
    path: record/fmp4
    autorecord: false
    filter: ""
    fragment: 0s
hls:
    ext: .m3u8
    path: record/hls
    autorecord: false
    filter: ""
    fragment: 0s
raw:
    ext: .
    path: record/raw
    autorecord: false
    filter: ""
    fragment: 0s
rawaudio:
    ext: .
    path: record/raw
    autorecord: false
    filter: ""
    fragment: 0s}
21:14:08	[34mINFO[0m	[37;40mRoom[0m	åˆå§‹åŒ–	{"ç‰ˆæœ¬": "v4.0.11"}
21:14:08	[35mDEBUG[0m	åˆå¹¶é…ç½®subvideoargname:vts
21:14:08	[35mDEBUG[0m	åˆå¹¶é…ç½®submodeargname:mode
21:14:08	[35mDEBUG[0m	åˆå¹¶é…ç½®subaudiotracks:[]
21:14:08	[35mDEBUG[0m	åˆå¹¶é…ç½®syncmode:0
21:14:08	[35mDEBUG[0m	existsubvideo
21:14:08	[35mDEBUG[0m	åˆå¹¶é…ç½®subvideotracks:[]
21:14:08	[35mDEBUG[0m	åˆå¹¶é…ç½®subdataargname:dts
21:14:08	[35mDEBUG[0m	åˆå¹¶é…ç½®subdatatracks:[]
21:14:08	[35mDEBUG[0m	åˆå¹¶é…ç½®iframeonly:false
21:14:08	[35mDEBUG[0m	åˆå¹¶é…ç½®key:
21:14:08	[35mDEBUG[0m	åˆå¹¶é…ç½®secretargname:secret
21:14:08	[35mDEBUG[0m	åˆå¹¶é…ç½®expireargname:expire
21:14:08	[35mDEBUG[0m	existsubaudio
21:14:08	[35mDEBUG[0m	åˆå¹¶é…ç½®subaudioargname:ats
21:14:08	[35mDEBUG[0m	åˆå¹¶é…ç½®submode:0
21:14:08	[35mDEBUG[0m	åˆå¹¶é…ç½®waittimeout:10s
21:14:08	[35mDEBUG[0m	åˆå¹¶é…ç½®writebuffersize:0
21:14:08	[35mDEBUG[0m	åˆå¹¶é…ç½®internal:false
21:14:08	[35mDEBUG[0m	[37;40mRoom[0m	httpå¤„ç†å™¨å·²æ·»åŠ 	{"pattern": "/"}
21:14:08	[35mDEBUG[0m	[37;40mRoom[0m	httpå¤„ç†å™¨å·²æ·»åŠ åˆ°å¼•æ“	{"pattern": "/room/"}
21:14:08	[35mDEBUG[0m	[37;40mRoom[0m	é…ç½®	{"é…ç½®": defaultyaml: |-
    subscribe:
      subaudio: false
      subvideo: false
subscribe:
    subaudio: false
    subvideo: false
    subvideoargname: vts
    subaudioargname: ats
    subdataargname: dts
    submodeargname: mode
    subaudiotracks: []
    subvideotracks: []
    subdatatracks: []
    submode: 0
    syncmode: 0
    iframeonly: false
    waittimeout: 10s
    writebuffersize: 0
    key: ""
    secretargname: secret
    expireargname: expire
    internal: false
http:
    listenaddr: :8080
    listenaddrtls: :8443
    certfile: ""
    keyfile: ""
    cors: true
    username: ""
    password: ""
    readtimeout: 0s
    writetimeout: 0s
    idletimeout: 0s
appname: room
size: 20
private: {}
verify:
    url: ""
    method: ""
    header: {}}
21:14:08	[34mINFO[0m	[37;40mRTMP[0m	åˆå§‹åŒ–	{"ç‰ˆæœ¬": "v4.2.6-0.20230817113543-91af4e990e99"}
21:14:08	[35mDEBUG[0m	[37;40mRTMP[0m	httpå¤„ç†å™¨å·²æ·»åŠ 	{"pattern": "/api/pull"}
21:14:08	[35mDEBUG[0m	[37;40mRTMP[0m	httpå¤„ç†å™¨å·²æ·»åŠ åˆ°å¼•æ“	{"pattern": "/rtmp/api/pull"}
21:14:08	[35mDEBUG[0m	[37;40mRTMP[0m	httpå¤„ç†å™¨å·²æ·»åŠ 	{"pattern": "/api/push"}
21:14:08	[35mDEBUG[0m	[37;40mRTMP[0m	httpå¤„ç†å™¨å·²æ·»åŠ åˆ°å¼•æ“	{"pattern": "/rtmp/api/push"}
21:14:08	[35mDEBUG[0m	[37;40mRTMP[0m	httpå¤„ç†å™¨å·²æ·»åŠ 	{"pattern": "/api/list"}
21:14:08	[35mDEBUG[0m	[37;40mRTMP[0m	httpå¤„ç†å™¨å·²æ·»åŠ åˆ°å¼•æ“	{"pattern": "/rtmp/api/list"}
21:14:08	[35mDEBUG[0m	[37;40mRTMP[0m	é…ç½®	{"é…ç½®": http:
    listenaddr: :8080
    listenaddrtls: :8443
    certfile: ""
    keyfile: ""
    cors: true
    username: ""
    password: ""
    readtimeout: 0s
    writetimeout: 0s
    idletimeout: 0s
publish:
    pubaudio: true
    pubvideo: true
    insertsei: false
    kickexist: false
    publishtimeout: 10s
    waitclosetimeout: 0s
    delayclosetimeout: 0s
    idletimeout: 0s
    pausetimeout: 30s
    buffertime: 0s
    speedlimit: 500ms
    key: ""
    secretargname: secret
    expireargname: expire
    ringsize: 256
    ringsizemax: 1024
subscribe:
    subaudio: true
    subvideo: true
    subvideoargname: vts
    subaudioargname: ats
    subdataargname: dts
    submodeargname: mode
    subaudiotracks: []
    subvideotracks: []
    subdatatracks: []
    submode: 0
    syncmode: 0
    iframeonly: false
    waittimeout: 10s
    writebuffersize: 0
    key: ""
    secretargname: secret
    expireargname: expire
    internal: false
tcp:
    listenaddr: :1935
    listenaddrtls: ""
    certfile: ""
    keyfile: ""
    listennum: 0
    nodelay: false
pull:
    repull: 0
    pullonstart: {}
    pullonsub: {}
    proxy: ""
push:
    repush: 0
    pushlist: {}
    proxy: ""
chunksize: 65536
keepalive: false}
21:14:08	[34mINFO[0m	[37;40mRTSP[0m	åˆå§‹åŒ–	{"ç‰ˆæœ¬": "v4.2.6"}
21:14:08	[35mDEBUG[0m	[37;40mRTSP[0m	httpå¤„ç†å™¨å·²æ·»åŠ åˆ°å¼•æ“	{"pattern": "/rtsp/api/pull"}
21:14:08	[35mDEBUG[0m	[37;40mRTSP[0m	httpå¤„ç†å™¨å·²æ·»åŠ åˆ°å¼•æ“	{"pattern": "/rtsp/api/push"}
21:14:08	[35mDEBUG[0m	[37;40mRTSP[0m	httpå¤„ç†å™¨å·²æ·»åŠ åˆ°å¼•æ“	{"pattern": "/rtsp/api/list"}
21:14:08	[34mINFO[0m	tcp listen 12 at :1935
21:14:08	[35mDEBUG[0m	[37;40mRTSP[0m	é…ç½®	{"é…ç½®": publish:
    pubaudio: true
    pubvideo: true
    insertsei: false
    kickexist: false
    publishtimeout: 10s
    waitclosetimeout: 0s
    delayclosetimeout: 0s
    idletimeout: 0s
    pausetimeout: 30s
    buffertime: 0s
    speedlimit: 500ms
    key: ""
    secretargname: secret
    expireargname: expire
    ringsize: 256
    ringsizemax: 1024
subscribe:
    subaudio: true
    subvideo: true
    subvideoargname: vts
    subaudioargname: ats
    subdataargname: dts
    submodeargname: mode
    subaudiotracks: []
    subvideotracks: []
    subdatatracks: []
    submode: 0
    syncmode: 0
    iframeonly: false
    waittimeout: 10s
    writebuffersize: 0
    key: ""
    secretargname: secret
    expireargname: expire
    internal: false
pull:
    repull: 0
    pullonstart: {}
    pullonsub: {}
    proxy: ""
push:
    repush: 0
    pushlist: {}
    proxy: ""
listenaddr: :554
udpaddr: :8000
rtcpaddr: :8001
readbuffercount: 2048
writebuffercount: 2048
pullprotocol: tcp
map: {}}
21:14:08	[34mINFO[0m	[37;40mEdge[0m	åˆå§‹åŒ–	{"ç‰ˆæœ¬": "v4.0.6"}
21:14:08	[33mWARN[0m	[37;40mEdge[0m	origin config error plugin disabled
21:14:08	[35mDEBUG[0m	[37;40mEdge[0m	é…ç½®	{"é…ç½®": pull:
    repull: 0
    pullonstart: {}
    pullonsub: {}
    proxy: ""
origin: ""}
21:14:08	[34mINFO[0m	[37;40mSnap[0m	åˆå§‹åŒ–	{"ç‰ˆæœ¬": "v4.0.7"}
21:14:08	[35mDEBUG[0m	åˆå¹¶é…ç½®subvideo:true
21:14:08	[35mDEBUG[0m	åˆå¹¶é…ç½®subvideotracks:[]
21:14:08	[35mDEBUG[0m	existiframeonly
21:14:08	[35mDEBUG[0m	åˆå¹¶é…ç½®key:
21:14:08	[35mDEBUG[0m	åˆå¹¶é…ç½®secretargname:secret
21:14:08	[35mDEBUG[0m	åˆå¹¶é…ç½®expireargname:expire
21:14:08	[35mDEBUG[0m	åˆå¹¶é…ç½®subdataargname:dts
21:14:08	[35mDEBUG[0m	åˆå¹¶é…ç½®subdatatracks:[]
21:14:08	[35mDEBUG[0m	åˆå¹¶é…ç½®submode:0
21:14:08	[35mDEBUG[0m	åˆå¹¶é…ç½®waittimeout:10s
21:14:08	[35mDEBUG[0m	åˆå¹¶é…ç½®writebuffersize:0
21:14:08	[35mDEBUG[0m	existinternal
21:14:08	[35mDEBUG[0m	existsubaudio
21:14:08	[35mDEBUG[0m	åˆå¹¶é…ç½®subaudioargname:ats
21:14:08	[35mDEBUG[0m	åˆå¹¶é…ç½®subaudiotracks:[]
21:14:08	[35mDEBUG[0m	åˆå¹¶é…ç½®syncmode:0
21:14:08	[35mDEBUG[0m	åˆå¹¶é…ç½®subvideoargname:vts
21:14:08	[35mDEBUG[0m	åˆå¹¶é…ç½®submodeargname:mode
21:14:08	[35mDEBUG[0m	[37;40mSnap[0m	httpå¤„ç†å™¨å·²æ·»åŠ 	{"pattern": "/"}
21:14:08	[35mDEBUG[0m	[37;40mSnap[0m	httpå¤„ç†å™¨å·²æ·»åŠ åˆ°å¼•æ“	{"pattern": "/snap/"}
21:14:08	[35mDEBUG[0m	[37;40mSnap[0m	é…ç½®	{"é…ç½®": defaultyaml: |-
    subscribe:
      subaudio: false
      iframeonly: true
      internal: true
    ffmpeg: ffmpeg
subscribe:
    subaudio: false
    subvideo: true
    subvideoargname: vts
    subaudioargname: ats
    subdataargname: dts
    submodeargname: mode
    subaudiotracks: []
    subvideotracks: []
    subdatatracks: []
    submode: 0
    syncmode: 0
    iframeonly: true
    waittimeout: 10s
    writebuffersize: 0
    key: ""
    secretargname: secret
    expireargname: expire
    internal: true
http:
    listenaddr: :8080
    listenaddrtls: :8443
    certfile: ""
    keyfile: ""
    cors: true
    username: ""
    password: ""
    readtimeout: 0s
    writetimeout: 0s
    idletimeout: 0s
ffmpeg: ffmpeg
path: ""
filter: ""}
21:14:08	[34mINFO[0m	[37;40mWebTransport[0m	åˆå§‹åŒ–	{"ç‰ˆæœ¬": "v4.0.8"}
21:14:08	[35mDEBUG[0m	[37;40mWebTransport[0m	é…ç½®	{"é…ç½®": listenaddr: :4433
certfile: ""
keyfile: ""}
21:14:08	[34mINFO[0m	[37;40mWebRTC[0m	åˆå§‹åŒ–	{"ç‰ˆæœ¬": "v4.2.1"}
21:14:08	[35mDEBUG[0m	[37;40mWebRTC[0m	httpå¤„ç†å™¨å·²æ·»åŠ åˆ°å¼•æ“	{"pattern": "/webrtc/batch"}
21:14:08	[35mDEBUG[0m	[37;40mWebRTC[0m	httpå¤„ç†å™¨å·²æ·»åŠ åˆ°å¼•æ“	{"pattern": "/webrtc/play/"}
21:14:08	[35mDEBUG[0m	[37;40mWebRTC[0m	httpå¤„ç†å™¨å·²æ·»åŠ åˆ°å¼•æ“	{"pattern": "/webrtc/push/"}
21:14:08	[35mDEBUG[0m	[37;40mWebRTC[0m	httpå¤„ç†å™¨å·²æ·»åŠ åˆ°å¼•æ“	{"pattern": "/webrtc/test/publish"}
21:14:08	[35mDEBUG[0m	[37;40mWebRTC[0m	httpå¤„ç†å™¨å·²æ·»åŠ åˆ°å¼•æ“	{"pattern": "/webrtc/test/screenshare"}
21:14:08	[35mDEBUG[0m	[37;40mWebRTC[0m	httpå¤„ç†å™¨å·²æ·»åŠ åˆ°å¼•æ“	{"pattern": "/webrtc/test/subscribe"}
21:14:08	[34mINFO[0m	[37;40mWebRTC[0m	webrtc start listen	{"port": 9000}
21:14:08	[35mDEBUG[0m	[37;40mWebRTC[0m	é…ç½®	{"é…ç½®": publish:
    pubaudio: true
    pubvideo: true
    insertsei: false
    kickexist: false
    publishtimeout: 10s
    waitclosetimeout: 0s
    delayclosetimeout: 0s
    idletimeout: 0s
    pausetimeout: 30s
    buffertime: 0s
    speedlimit: 500ms
    key: ""
    secretargname: secret
    expireargname: expire
    ringsize: 256
    ringsizemax: 1024
subscribe:
    subaudio: true
    subvideo: true
    subvideoargname: vts
    subaudioargname: ats
    subdataargname: dts
    submodeargname: mode
    subaudiotracks: []
    subvideotracks: []
    subdatatracks: []
    submode: 0
    syncmode: 0
    iframeonly: false
    waittimeout: 10s
    writebuffersize: 0
    key: ""
    secretargname: secret
    expireargname: expire
    internal: false
iceservers: []
publicip: []
port: tcp:9000
pli: 2s}
21:14:08	[34mINFO[0m	[37;40mDebug[0m	åˆå§‹åŒ–	{"ç‰ˆæœ¬": "v4.0.1"}
21:14:08	[35mDEBUG[0m	[37;40mDebug[0m	httpå¤„ç†å™¨å·²æ·»åŠ 	{"pattern": "/profile"}
21:14:08	[35mDEBUG[0m	[37;40mDebug[0m	httpå¤„ç†å™¨å·²æ·»åŠ åˆ°å¼•æ“	{"pattern": "/debug/profile"}
21:14:08	[35mDEBUG[0m	[37;40mDebug[0m	httpå¤„ç†å™¨å·²æ·»åŠ 	{"pattern": "/"}
21:14:08	[35mDEBUG[0m	[37;40mDebug[0m	httpå¤„ç†å™¨å·²æ·»åŠ åˆ°å¼•æ“	{"pattern": "/debug/"}
21:14:08	[35mDEBUG[0m	[37;40mDebug[0m	httpå¤„ç†å™¨å·²æ·»åŠ 	{"pattern": "/trace"}
21:14:08	[35mDEBUG[0m	[37;40mDebug[0m	httpå¤„ç†å™¨å·²æ·»åŠ åˆ°å¼•æ“	{"pattern": "/debug/trace"}
21:14:08	[35mDEBUG[0m	[37;40mDebug[0m	é…ç½®	{"é…ç½®": http:
    listenaddr: :8080
    listenaddrtls: :8443
    certfile: ""
    keyfile: ""
    cors: true
    username: ""
    password: ""
    readtimeout: 0s
    writetimeout: 0s
    idletimeout: 0s}
21:14:08	[34mINFO[0m	monibuca v4.13.10-0.20230821065056-3d14717f69e6[32m å¯åŠ¨æˆåŠŸ[0m
21:14:09	[34mINFO[0m	è¿æ¥åˆ°æ§åˆ¶å°æœåŠ¡å™¨localhost:44944æˆåŠŸmap[code:0 enableReport:false instanceId:1 msg:ok]
21:14:09	[35mDEBUG[0m	[37;40mengine[0m	visit	{"path": "/api/sysinfo", "remote": ""}
21:14:09	[35mDEBUG[0m	[37;40mengine[0m	visit	{"path": "/api/summary?m7sid=1", "remote": ""}
21:15:22	[35mDEBUG[0m	[37;40mLogRotate[0m	é…ç½®	{"é…ç½®": path: ./logs
size: 0
days: 1
formatter: 2006-01-02T15}
21:15:22	[34mINFO[0m	[37;40mMonitor[0m	åˆå§‹åŒ–	{"ç‰ˆæœ¬": "v4.0.3"}
21:15:22	[35mDEBUG[0m	åˆå¹¶é…ç½®expireargname:expire
21:15:22	[35mDEBUG[0m	åˆå¹¶é…ç½®submodeargname:mode
21:15:22	[35mDEBUG[0m	åˆå¹¶é…ç½®subaudiotracks:[]
21:15:22	[35mDEBUG[0m	åˆå¹¶é…ç½®subvideotracks:[]
21:15:22	[35mDEBUG[0m	åˆå¹¶é…ç½®subaudio:true
21:15:22	[35mDEBUG[0m	åˆå¹¶é…ç½®subdataargname:dts
21:15:22	[35mDEBUG[0m	åˆå¹¶é…ç½®submode:0
21:15:22	[35mDEBUG[0m	existinternal
21:15:22	[35mDEBUG[0m	åˆå¹¶é…ç½®subvideo:true
21:15:22	[35mDEBUG[0m	åˆå¹¶é…ç½®iframeonly:false
21:15:22	[35mDEBUG[0m	åˆå¹¶é…ç½®waittimeout:10s
21:15:22	[35mDEBUG[0m	åˆå¹¶é…ç½®syncmode:0
21:15:22	[35mDEBUG[0m	åˆå¹¶é…ç½®writebuffersize:0
21:15:22	[35mDEBUG[0m	åˆå¹¶é…ç½®key:
21:15:22	[35mDEBUG[0m	åˆå¹¶é…ç½®secretargname:secret
21:15:22	[35mDEBUG[0m	åˆå¹¶é…ç½®subvideoargname:vts
21:15:22	[35mDEBUG[0m	åˆå¹¶é…ç½®subaudioargname:ats
21:15:22	[35mDEBUG[0m	åˆå¹¶é…ç½®subdatatracks:[]
21:15:22	[35mDEBUG[0m	[37;40mMonitor[0m	httpå¤„ç†å™¨å·²æ·»åŠ 	{"pattern": "/api/list/stream"}
21:15:22	[35mDEBUG[0m	[37;40mMonitor[0m	httpå¤„ç†å™¨å·²æ·»åŠ åˆ°å¼•æ“	{"pattern": "/monitor/api/list/stream"}
21:15:22	[35mDEBUG[0m	[37;40mMonitor[0m	httpå¤„ç†å™¨å·²æ·»åŠ 	{"pattern": "/api/list/track"}
21:15:22	[35mDEBUG[0m	[37;40mMonitor[0m	httpå¤„ç†å™¨å·²æ·»åŠ åˆ°å¼•æ“	{"pattern": "/monitor/api/list/track"}
21:15:22	[35mDEBUG[0m	[37;40mMonitor[0m	httpå¤„ç†å™¨å·²æ·»åŠ 	{"pattern": "/"}
21:15:22	[35mDEBUG[0m	[37;40mMonitor[0m	httpå¤„ç†å™¨å·²æ·»åŠ åˆ°å¼•æ“	{"pattern": "/monitor/"}
21:15:22	[35mDEBUG[0m	[37;40mMonitor[0m	é…ç½®	{"é…ç½®": defaultyaml: |-
    subscribe:
      internal: true
http:
    listenaddr: :8080
    listenaddrtls: :8443
    certfile: ""
    keyfile: ""
    cors: true
    username: ""
    password: ""
    readtimeout: 0s
    writetimeout: 0s
    idletimeout: 0s
subscribe:
    subaudio: true
    subvideo: true
    subvideoargname: vts
    subaudioargname: ats
    subdataargname: dts
    submodeargname: mode
    subaudiotracks: []
    subvideotracks: []
    subdatatracks: []
    submode: 0
    syncmode: 0
    iframeonly: false
    waittimeout: 10s
    writebuffersize: 0
    key: ""
    secretargname: secret
    expireargname: expire
    internal: true
path: monitor}
21:15:22	[34mINFO[0m	[37;40mPreview[0m	åˆå§‹åŒ–	{"ç‰ˆæœ¬": "v4.1.2"}
21:15:22	[35mDEBUG[0m	[37;40mPreview[0m	httpå¤„ç†å™¨å·²æ·»åŠ åˆ°å¼•æ“	{"pattern": "/preview/"}
21:15:22	[35mDEBUG[0m	[37;40mPreview[0m	é…ç½®	{"é…ç½®": {}}
21:15:22	[34mINFO[0m	[37;40mPS[0m	åˆå§‹åŒ–	{"ç‰ˆæœ¬": "v4.0.9"}
21:15:22	[35mDEBUG[0m	[37;40mPS[0m	httpå¤„ç†å™¨å·²æ·»åŠ 	{"pattern": "/api/receive"}
21:15:22	[35mDEBUG[0m	[37;40mPS[0m	httpå¤„ç†å™¨å·²æ·»åŠ åˆ°å¼•æ“	{"pattern": "/ps/api/receive"}
21:15:22	[35mDEBUG[0m	[37;40mPS[0m	httpå¤„ç†å™¨å·²æ·»åŠ 	{"pattern": "/api/replay"}
21:15:22	[35mDEBUG[0m	[37;40mPS[0m	httpå¤„ç†å™¨å·²æ·»åŠ åˆ°å¼•æ“	{"pattern": "/ps/api/replay"}
21:15:22	[35mDEBUG[0m	[37;40mPS[0m	httpå¤„ç†å™¨å·²æ·»åŠ 	{"pattern": "/"}
21:15:22	[35mDEBUG[0m	[37;40mPS[0m	httpå¤„ç†å™¨å·²æ·»åŠ åˆ°å¼•æ“	{"pattern": "/ps/"}
21:15:22	[35mDEBUG[0m	[37;40mPS[0m	é…ç½®	{"é…ç½®": http:
    listenaddr: :8080
    listenaddrtls: :8443
    certfile: ""
    keyfile: ""
    cors: true
    username: ""
    password: ""
    readtimeout: 0s
    writetimeout: 0s
    idletimeout: 0s
publish:
    pubaudio: true
    pubvideo: true
    insertsei: false
    kickexist: false
    publishtimeout: 10s
    waitclosetimeout: 0s
    delayclosetimeout: 0s
    idletimeout: 0s
    pausetimeout: 30s
    buffertime: 0s
    speedlimit: 500ms
    key: ""
    secretargname: secret
    expireargname: expire
    ringsize: 256
    ringsizemax: 1024
subscribe:
    subaudio: true
    subvideo: true
    subvideoargname: vts
    subaudioargname: ats
    subdataargname: dts
    submodeargname: mode
    subaudiotracks: []
    subvideotracks: []
    subdatatracks: []
    submode: 0
    syncmode: 0
    iframeonly: false
    waittimeout: 10s
    writebuffersize: 0
    key: ""
    secretargname: secret
    expireargname: expire
    internal: false
relaymode: 0}
21:15:22	[34mINFO[0m	[37;40mGB28181[0m	åˆå§‹åŒ–	{"ç‰ˆæœ¬": "v4.4.0"}
21:15:22	[35mDEBUG[0m	[37;40mGB28181[0m	httpå¤„ç†å™¨å·²æ·»åŠ åˆ°å¼•æ“	{"pattern": "/gb28181/api/bye"}
21:15:22	[35mDEBUG[0m	[37;40mGB28181[0m	httpå¤„ç†å™¨å·²æ·»åŠ åˆ°å¼•æ“	{"pattern": "/gb28181/api/control"}
21:15:22	[35mDEBUG[0m	[37;40mGB28181[0m	httpå¤„ç†å™¨å·²æ·»åŠ åˆ°å¼•æ“	{"pattern": "/gb28181/api/get/position"}
21:15:22	[35mDEBUG[0m	[37;40mGB28181[0m	httpå¤„ç†å™¨å·²æ·»åŠ åˆ°å¼•æ“	{"pattern": "/gb28181/api/invite"}
21:15:22	[35mDEBUG[0m	[37;40mGB28181[0m	httpå¤„ç†å™¨å·²æ·»åŠ åˆ°å¼•æ“	{"pattern": "/gb28181/api/list"}
21:15:22	[35mDEBUG[0m	[37;40mGB28181[0m	httpå¤„ç†å™¨å·²æ·»åŠ åˆ°å¼•æ“	{"pattern": "/gb28181/api/play/forward"}
21:15:22	[35mDEBUG[0m	[37;40mGB28181[0m	httpå¤„ç†å™¨å·²æ·»åŠ åˆ°å¼•æ“	{"pattern": "/gb28181/api/play/pause"}
21:15:22	[35mDEBUG[0m	[37;40mGB28181[0m	httpå¤„ç†å™¨å·²æ·»åŠ åˆ°å¼•æ“	{"pattern": "/gb28181/api/play/resume"}
21:15:22	[35mDEBUG[0m	[37;40mGB28181[0m	httpå¤„ç†å™¨å·²æ·»åŠ åˆ°å¼•æ“	{"pattern": "/gb28181/api/play/seek"}
21:15:22	[35mDEBUG[0m	[37;40mGB28181[0m	httpå¤„ç†å™¨å·²æ·»åŠ åˆ°å¼•æ“	{"pattern": "/gb28181/api/position"}
21:15:22	[35mDEBUG[0m	[37;40mGB28181[0m	httpå¤„ç†å™¨å·²æ·»åŠ åˆ°å¼•æ“	{"pattern": "/gb28181/api/ptz"}
21:15:22	[35mDEBUG[0m	[37;40mGB28181[0m	httpå¤„ç†å™¨å·²æ·»åŠ åˆ°å¼•æ“	{"pattern": "/gb28181/api/records"}
21:15:22	[34mINFO[0m	[37;40mGB28181[0m	[32mServer gb28181 start at[0m [94m0.0.0.0:5060[0m
21:15:22	[35mDEBUG[0m	[37;40mGB28181[0m	é…ç½®	{"é…ç½®": invitemode: 1
inviteids: ""
listenaddr: 0.0.0.0
sipnetwork: udp
sipip: ""
sipport: 5060
serial: "34020000002000000001"
realm: "3402000000"
username: ""
password: ""
port:
    sip: udp:5060
    media: tcp:58200-59200
registervalidity: 1h0m0s
heartbeatinterval: 1m0s
mediaip: ""
mediaport: 58200
medianetwork: tcp
mediaportmin: 58200
mediaportmax: 59200
removebaninterval: 10m0s
loglevel: info
dumppath: ""
ignores: {}
position:
    autosubposition: false
    expires: 1h0m0s
    interval: 6s}
21:15:22	[34mINFO[0m	[37;40mRecord[0m	åˆå§‹åŒ–	{"ç‰ˆæœ¬": "v4.4.2-0.20230818060709-6c289bbcd27f"}
21:15:22	[35mDEBUG[0m	åˆå¹¶é…ç½®subvideo:true
21:15:22	[35mDEBUG[0m	åˆå¹¶é…ç½®iframeonly:false
21:15:22	[35mDEBUG[0m	åˆå¹¶é…ç½®waittimeout:10s
21:15:22	[35mDEBUG[0m	existinternal
21:15:22	[35mDEBUG[0m	åˆå¹¶é…ç½®writebuffersize:0
21:15:22	[35mDEBUG[0m	åˆå¹¶é…ç½®key:
21:15:22	[35mDEBUG[0m	åˆå¹¶é…ç½®secretargname:secret
21:15:22	[35mDEBUG[0m	åˆå¹¶é…ç½®subvideoargname:vts
21:15:22	[35mDEBUG[0m	åˆå¹¶é…ç½®subaudioargname:ats
21:15:22	[35mDEBUG[0m	åˆå¹¶é…ç½®subdatatracks:[]
21:15:22	[35mDEBUG[0m	åˆå¹¶é…ç½®syncmode:0
21:15:22	[35mDEBUG[0m	åˆå¹¶é…ç½®submodeargname:mode
21:15:22	[35mDEBUG[0m	åˆå¹¶é…ç½®subaudiotracks:[]
21:15:22	[35mDEBUG[0m	åˆå¹¶é…ç½®subvideotracks:[]
21:15:22	[35mDEBUG[0m	åˆå¹¶é…ç½®expireargname:expire
21:15:22	[35mDEBUG[0m	åˆå¹¶é…ç½®subaudio:true
21:15:22	[35mDEBUG[0m	åˆå¹¶é…ç½®subdataargname:dts
21:15:22	[35mDEBUG[0m	existsubmode
21:15:22	[35mDEBUG[0m	[37;40mGB28181[0m	start job
21:15:22	[35mDEBUG[0m	[37;40mRecord[0m	httpå¤„ç†å™¨å·²æ·»åŠ åˆ°å¼•æ“	{"pattern": "/record/api/list"}
21:15:22	[35mDEBUG[0m	[37;40mRecord[0m	httpå¤„ç†å™¨å·²æ·»åŠ åˆ°å¼•æ“	{"pattern": "/record/api/list/recording"}
21:15:22	[35mDEBUG[0m	[37;40mRecord[0m	httpå¤„ç†å™¨å·²æ·»åŠ åˆ°å¼•æ“	{"pattern": "/record/api/start"}
21:15:22	[35mDEBUG[0m	[37;40mRecord[0m	httpå¤„ç†å™¨å·²æ·»åŠ åˆ°å¼•æ“	{"pattern": "/record/api/stop"}
21:15:22	[35mDEBUG[0m	[37;40mRecord[0m	httpå¤„ç†å™¨å·²æ·»åŠ åˆ°å¼•æ“	{"pattern": "/record/"}
21:15:22	[35mDEBUG[0m	[37;40mRecord[0m	é…ç½®	{"é…ç½®": defaultyaml: |-
    subscribe:
      submode: 1
      internal: true
subscribe:
    subaudio: true
    subvideo: true
    subvideoargname: vts
    subaudioargname: ats
    subdataargname: dts
    submodeargname: mode
    subaudiotracks: []
    subvideotracks: []
    subdatatracks: []
    submode: 1
    syncmode: 0
    iframeonly: false
    waittimeout: 10s
    writebuffersize: 0
    key: ""
    secretargname: secret
    expireargname: expire
    internal: true
flv:
    ext: .flv
    path: record/flv
    autorecord: false
    filter: ""
    fragment: 0s
mp4:
    ext: .mp4
    path: record/mp4
    autorecord: false
    filter: ""
    fragment: 0s
fmp4:
    ext: .mp4
    path: record/fmp4
    autorecord: false
    filter: ""
    fragment: 0s
hls:
    ext: .m3u8
    path: record/hls
    autorecord: false
    filter: ""
    fragment: 0s
raw:
    ext: .
    path: record/raw
    autorecord: false
    filter: ""
    fragment: 0s
rawaudio:
    ext: .
    path: record/raw
    autorecord: false
    filter: ""
    fragment: 0s}
21:15:22	[34mINFO[0m	[37;40mRoom[0m	åˆå§‹åŒ–	{"ç‰ˆæœ¬": "v4.0.11"}
21:15:22	[35mDEBUG[0m	existsubaudio
21:15:22	[35mDEBUG[0m	åˆå¹¶é…ç½®subdataargname:dts
21:15:22	[35mDEBUG[0m	åˆå¹¶é…ç½®submode:0
21:15:22	[35mDEBUG[0m	existsubvideo
21:15:22	[35mDEBUG[0m	åˆå¹¶é…ç½®iframeonly:false
21:15:22	[35mDEBUG[0m	åˆå¹¶é…ç½®waittimeout:10s
21:15:22	[35mDEBUG[0m	åˆå¹¶é…ç½®internal:false
21:15:22	[35mDEBUG[0m	åˆå¹¶é…ç½®writebuffersize:0
21:15:22	[35mDEBUG[0m	åˆå¹¶é…ç½®key:
21:15:22	[35mDEBUG[0m	åˆå¹¶é…ç½®secretargname:secret
21:15:22	[35mDEBUG[0m	åˆå¹¶é…ç½®subvideoargname:vts
21:15:22	[35mDEBUG[0m	åˆå¹¶é…ç½®subaudioargname:ats
21:15:22	[35mDEBUG[0m	åˆå¹¶é…ç½®subdatatracks:[]
21:15:22	[35mDEBUG[0m	åˆå¹¶é…ç½®syncmode:0
21:15:22	[35mDEBUG[0m	åˆå¹¶é…ç½®submodeargname:mode
21:15:22	[35mDEBUG[0m	åˆå¹¶é…ç½®subaudiotracks:[]
21:15:22	[35mDEBUG[0m	åˆå¹¶é…ç½®subvideotracks:[]
21:15:22	[35mDEBUG[0m	åˆå¹¶é…ç½®expireargname:expire
21:15:22	[35mDEBUG[0m	[37;40mRoom[0m	httpå¤„ç†å™¨å·²æ·»åŠ 	{"pattern": "/"}
21:15:22	[35mDEBUG[0m	[37;40mRoom[0m	httpå¤„ç†å™¨å·²æ·»åŠ åˆ°å¼•æ“	{"pattern": "/room/"}
21:15:22	[35mDEBUG[0m	[37;40mRoom[0m	é…ç½®	{"é…ç½®": defaultyaml: |-
    subscribe:
      subaudio: false
      subvideo: false
subscribe:
    subaudio: false
    subvideo: false
    subvideoargname: vts
    subaudioargname: ats
    subdataargname: dts
    submodeargname: mode
    subaudiotracks: []
    subvideotracks: []
    subdatatracks: []
    submode: 0
    syncmode: 0
    iframeonly: false
    waittimeout: 10s
    writebuffersize: 0
    key: ""
    secretargname: secret
    expireargname: expire
    internal: false
http:
    listenaddr: :8080
    listenaddrtls: :8443
    certfile: ""
    keyfile: ""
    cors: true
    username: ""
    password: ""
    readtimeout: 0s
    writetimeout: 0s
    idletimeout: 0s
appname: room
size: 20
private: {}
verify:
    url: ""
    method: ""
    header: {}}
21:15:22	[34mINFO[0m	[37;40mRTMP[0m	åˆå§‹åŒ–	{"ç‰ˆæœ¬": "v4.2.6-0.20230817113543-91af4e990e99"}
21:15:22	[35mDEBUG[0m	[37;40mRTMP[0m	httpå¤„ç†å™¨å·²æ·»åŠ 	{"pattern": "/api/pull"}
21:15:22	[35mDEBUG[0m	[37;40mRTMP[0m	httpå¤„ç†å™¨å·²æ·»åŠ åˆ°å¼•æ“	{"pattern": "/rtmp/api/pull"}
21:15:22	[35mDEBUG[0m	[37;40mRTMP[0m	httpå¤„ç†å™¨å·²æ·»åŠ 	{"pattern": "/api/push"}
21:15:22	[35mDEBUG[0m	[37;40mRTMP[0m	httpå¤„ç†å™¨å·²æ·»åŠ åˆ°å¼•æ“	{"pattern": "/rtmp/api/push"}
21:15:22	[35mDEBUG[0m	[37;40mRTMP[0m	httpå¤„ç†å™¨å·²æ·»åŠ 	{"pattern": "/api/list"}
21:15:22	[35mDEBUG[0m	[37;40mRTMP[0m	httpå¤„ç†å™¨å·²æ·»åŠ åˆ°å¼•æ“	{"pattern": "/rtmp/api/list"}
21:15:22	[35mDEBUG[0m	[37;40mRTMP[0m	é…ç½®	{"é…ç½®": http:
    listenaddr: :8080
    listenaddrtls: :8443
    certfile: ""
    keyfile: ""
    cors: true
    username: ""
    password: ""
    readtimeout: 0s
    writetimeout: 0s
    idletimeout: 0s
publish:
    pubaudio: true
    pubvideo: true
    insertsei: false
    kickexist: false
    publishtimeout: 10s
    waitclosetimeout: 0s
    delayclosetimeout: 0s
    idletimeout: 0s
    pausetimeout: 30s
    buffertime: 0s
    speedlimit: 500ms
    key: ""
    secretargname: secret
    expireargname: expire
    ringsize: 256
    ringsizemax: 1024
subscribe:
    subaudio: true
    subvideo: true
    subvideoargname: vts
    subaudioargname: ats
    subdataargname: dts
    submodeargname: mode
    subaudiotracks: []
    subvideotracks: []
    subdatatracks: []
    submode: 0
    syncmode: 0
    iframeonly: false
    waittimeout: 10s
    writebuffersize: 0
    key: ""
    secretargname: secret
    expireargname: expire
    internal: false
tcp:
    listenaddr: :1935
    listenaddrtls: ""
    certfile: ""
    keyfile: ""
    listennum: 0
    nodelay: false
pull:
    repull: 0
    pullonstart: {}
    pullonsub: {}
    proxy: ""
push:
    repush: 0
    pushlist: {}
    proxy: ""
chunksize: 65536
keepalive: false}
21:15:22	[34mINFO[0m	[37;40mRTSP[0m	åˆå§‹åŒ–	{"ç‰ˆæœ¬": "v4.2.6"}
21:15:22	[35mDEBUG[0m	[37;40mRTSP[0m	httpå¤„ç†å™¨å·²æ·»åŠ åˆ°å¼•æ“	{"pattern": "/rtsp/api/pull"}
21:15:22	[35mDEBUG[0m	[37;40mRTSP[0m	httpå¤„ç†å™¨å·²æ·»åŠ åˆ°å¼•æ“	{"pattern": "/rtsp/api/push"}
21:15:22	[35mDEBUG[0m	[37;40mRTSP[0m	httpå¤„ç†å™¨å·²æ·»åŠ åˆ°å¼•æ“	{"pattern": "/rtsp/api/list"}
21:15:22	[34mINFO[0m	tcp listen 12 at :1935
21:15:22	[35mDEBUG[0m	[37;40mRTSP[0m	é…ç½®	{"é…ç½®": publish:
    pubaudio: true
    pubvideo: true
    insertsei: false
    kickexist: false
    publishtimeout: 10s
    waitclosetimeout: 0s
    delayclosetimeout: 0s
    idletimeout: 0s
    pausetimeout: 30s
    buffertime: 0s
    speedlimit: 500ms
    key: ""
    secretargname: secret
    expireargname: expire
    ringsize: 256
    ringsizemax: 1024
subscribe:
    subaudio: true
    subvideo: true
    subvideoargname: vts
    subaudioargname: ats
    subdataargname: dts
    submodeargname: mode
    subaudiotracks: []
    subvideotracks: []
    subdatatracks: []
    submode: 0
    syncmode: 0
    iframeonly: false
    waittimeout: 10s
    writebuffersize: 0
    key: ""
    secretargname: secret
    expireargname: expire
    internal: false
pull:
    repull: 0
    pullonstart: {}
    pullonsub: {}
    proxy: ""
push:
    repush: 0
    pushlist: {}
    proxy: ""
listenaddr: :554
udpaddr: :8000
rtcpaddr: :8001
readbuffercount: 2048
writebuffercount: 2048
pullprotocol: tcp
map: {}}
21:15:22	[34mINFO[0m	[37;40mEdge[0m	åˆå§‹åŒ–	{"ç‰ˆæœ¬": "v4.0.6"}
21:15:22	[33mWARN[0m	[37;40mEdge[0m	origin config error plugin disabled
21:15:22	[35mDEBUG[0m	[37;40mEdge[0m	é…ç½®	{"é…ç½®": pull:
    repull: 0
    pullonstart: {}
    pullonsub: {}
    proxy: ""
origin: ""}
21:15:22	[34mINFO[0m	[37;40mSnap[0m	åˆå§‹åŒ–	{"ç‰ˆæœ¬": "v4.0.7"}
21:15:22	[35mDEBUG[0m	åˆå¹¶é…ç½®secretargname:secret
21:15:22	[35mDEBUG[0m	åˆå¹¶é…ç½®subvideoargname:vts
21:15:22	[35mDEBUG[0m	åˆå¹¶é…ç½®subaudioargname:ats
21:15:22	[35mDEBUG[0m	åˆå¹¶é…ç½®subdatatracks:[]
21:15:22	[35mDEBUG[0m	åˆå¹¶é…ç½®syncmode:0
21:15:22	[35mDEBUG[0m	åˆå¹¶é…ç½®writebuffersize:0
21:15:22	[35mDEBUG[0m	åˆå¹¶é…ç½®key:
21:15:22	[35mDEBUG[0m	åˆå¹¶é…ç½®submodeargname:mode
21:15:22	[35mDEBUG[0m	åˆå¹¶é…ç½®subaudiotracks:[]
21:15:22	[35mDEBUG[0m	åˆå¹¶é…ç½®subvideotracks:[]
21:15:22	[35mDEBUG[0m	åˆå¹¶é…ç½®expireargname:expire
21:15:22	[35mDEBUG[0m	existsubaudio
21:15:22	[35mDEBUG[0m	åˆå¹¶é…ç½®subdataargname:dts
21:15:22	[35mDEBUG[0m	åˆå¹¶é…ç½®submode:0
21:15:22	[35mDEBUG[0m	åˆå¹¶é…ç½®subvideo:true
21:15:22	[35mDEBUG[0m	existiframeonly
21:15:22	[35mDEBUG[0m	åˆå¹¶é…ç½®waittimeout:10s
21:15:22	[35mDEBUG[0m	existinternal
21:15:22	[35mDEBUG[0m	[37;40mSnap[0m	httpå¤„ç†å™¨å·²æ·»åŠ 	{"pattern": "/"}
21:15:22	[35mDEBUG[0m	[37;40mSnap[0m	httpå¤„ç†å™¨å·²æ·»åŠ åˆ°å¼•æ“	{"pattern": "/snap/"}
21:15:22	[35mDEBUG[0m	[37;40mSnap[0m	é…ç½®	{"é…ç½®": defaultyaml: |-
    subscribe:
      subaudio: false
      iframeonly: true
      internal: true
    ffmpeg: ffmpeg
subscribe:
    subaudio: false
    subvideo: true
    subvideoargname: vts
    subaudioargname: ats
    subdataargname: dts
    submodeargname: mode
    subaudiotracks: []
    subvideotracks: []
    subdatatracks: []
    submode: 0
    syncmode: 0
    iframeonly: true
    waittimeout: 10s
    writebuffersize: 0
    key: ""
    secretargname: secret
    expireargname: expire
    internal: true
http:
    listenaddr: :8080
    listenaddrtls: :8443
    certfile: ""
    keyfile: ""
    cors: true
    username: ""
    password: ""
    readtimeout: 0s
    writetimeout: 0s
    idletimeout: 0s
ffmpeg: ffmpeg
path: ""
filter: ""}
21:15:22	[34mINFO[0m	[37;40mWebTransport[0m	åˆå§‹åŒ–	{"ç‰ˆæœ¬": "v4.0.8"}
21:15:22	[35mDEBUG[0m	[37;40mWebTransport[0m	é…ç½®	{"é…ç½®": listenaddr: :4433
certfile: ""
keyfile: ""}
21:15:22	[34mINFO[0m	[37;40mWebRTC[0m	åˆå§‹åŒ–	{"ç‰ˆæœ¬": "v4.2.1"}
21:15:22	[35mDEBUG[0m	[37;40mWebRTC[0m	httpå¤„ç†å™¨å·²æ·»åŠ åˆ°å¼•æ“	{"pattern": "/webrtc/batch"}
21:15:22	[35mDEBUG[0m	[37;40mWebRTC[0m	httpå¤„ç†å™¨å·²æ·»åŠ åˆ°å¼•æ“	{"pattern": "/webrtc/play/"}
21:15:22	[35mDEBUG[0m	[37;40mWebRTC[0m	httpå¤„ç†å™¨å·²æ·»åŠ åˆ°å¼•æ“	{"pattern": "/webrtc/push/"}
21:15:22	[35mDEBUG[0m	[37;40mWebRTC[0m	httpå¤„ç†å™¨å·²æ·»åŠ åˆ°å¼•æ“	{"pattern": "/webrtc/test/publish"}
21:15:22	[35mDEBUG[0m	[37;40mWebRTC[0m	httpå¤„ç†å™¨å·²æ·»åŠ åˆ°å¼•æ“	{"pattern": "/webrtc/test/screenshare"}
21:15:22	[35mDEBUG[0m	[37;40mWebRTC[0m	httpå¤„ç†å™¨å·²æ·»åŠ åˆ°å¼•æ“	{"pattern": "/webrtc/test/subscribe"}
21:15:22	[34mINFO[0m	[37;40mWebRTC[0m	webrtc start listen	{"port": 9000}
21:15:22	[35mDEBUG[0m	[37;40mWebRTC[0m	é…ç½®	{"é…ç½®": publish:
    pubaudio: true
    pubvideo: true
    insertsei: false
    kickexist: false
    publishtimeout: 10s
    waitclosetimeout: 0s
    delayclosetimeout: 0s
    idletimeout: 0s
    pausetimeout: 30s
    buffertime: 0s
    speedlimit: 500ms
    key: ""
    secretargname: secret
    expireargname: expire
    ringsize: 256
    ringsizemax: 1024
subscribe:
    subaudio: true
    subvideo: true
    subvideoargname: vts
    subaudioargname: ats
    subdataargname: dts
    submodeargname: mode
    subaudiotracks: []
    subvideotracks: []
    subdatatracks: []
    submode: 0
    syncmode: 0
    iframeonly: false
    waittimeout: 10s
    writebuffersize: 0
    key: ""
    secretargname: secret
    expireargname: expire
    internal: false
iceservers: []
publicip: []
port: tcp:9000
pli: 2s}
21:15:22	[34mINFO[0m	[37;40mDebug[0m	åˆå§‹åŒ–	{"ç‰ˆæœ¬": "v4.0.1"}
21:15:22	[35mDEBUG[0m	[37;40mDebug[0m	httpå¤„ç†å™¨å·²æ·»åŠ 	{"pattern": "/profile"}
21:15:22	[35mDEBUG[0m	[37;40mDebug[0m	httpå¤„ç†å™¨å·²æ·»åŠ åˆ°å¼•æ“	{"pattern": "/debug/profile"}
21:15:22	[35mDEBUG[0m	[37;40mDebug[0m	httpå¤„ç†å™¨å·²æ·»åŠ 	{"pattern": "/"}
21:15:22	[35mDEBUG[0m	[37;40mDebug[0m	httpå¤„ç†å™¨å·²æ·»åŠ åˆ°å¼•æ“	{"pattern": "/debug/"}
21:15:22	[35mDEBUG[0m	[37;40mDebug[0m	httpå¤„ç†å™¨å·²æ·»åŠ 	{"pattern": "/trace"}
21:15:22	[35mDEBUG[0m	[37;40mDebug[0m	httpå¤„ç†å™¨å·²æ·»åŠ åˆ°å¼•æ“	{"pattern": "/debug/trace"}
21:15:22	[35mDEBUG[0m	[37;40mDebug[0m	é…ç½®	{"é…ç½®": http:
    listenaddr: :8080
    listenaddrtls: :8443
    certfile: ""
    keyfile: ""
    cors: true
    username: ""
    password: ""
    readtimeout: 0s
    writetimeout: 0s
    idletimeout: 0s}
21:15:22	[34mINFO[0m	monibuca v4.13.10-0.20230821065056-3d14717f69e6[32m å¯åŠ¨æˆåŠŸ[0m
21:15:22	[34mINFO[0m	è¿æ¥åˆ°æ§åˆ¶å°æœåŠ¡å™¨localhost:44944æˆåŠŸmap[code:0 enableReport:false instanceId:1 msg:ok]
21:15:23	[35mDEBUG[0m	[37;40mengine[0m	visit	{"path": "/api/sysinfo", "remote": ""}
21:15:23	[35mDEBUG[0m	[37;40mengine[0m	visit	{"path": "/api/summary?m7sid=1", "remote": ""}
21:15:30	[34mINFO[0m	[37;40mGB28181[0m	LocalAndInternalIPs	{"routes": 43.132.98: 43.132.98.43
43.132.98.43: 43.132.98.43
192.168.255: 192.168.255.10
192.168.255.10: 43.132.98.43}
21:15:42	[35mDEBUG[0m	[37;40mengine[0m	visit	{"path": "/api/sysinfo", "remote": ""}
21:15:42	[35mDEBUG[0m	[37;40mengine[0m	visit	{"path": "/api/summary?m7sid=1", "remote": ""}
21:16:05	[35mDEBUG[0m	[37;40mengine[0m	visit	{"path": "/api/sysinfo", "remote": ""}
21:16:05	[35mDEBUG[0m	[37;40mengine[0m	visit	{"path": "/api/summary?m7sid=1", "remote": ""}
21:16:05	[35mDEBUG[0m	[37;40mengine[0m	visit	{"path": "/api/sysinfo", "remote": ""}
21:16:05	[35mDEBUG[0m	[37;40mengine[0m	visit	{"path": "/api/summary?m7sid=1", "remote": ""}
21:16:07	[35mDEBUG[0m	[37;40mengine[0m	visit	{"path": "/api/list/pull", "remote": ""}
21:20:19	[35mDEBUG[0m	[37;40mLogRotate[0m	é…ç½®	{"é…ç½®": path: ./logs
size: 0
days: 1
formatter: 2006-01-02T15}
21:20:19	[34mINFO[0m	[37;40mMonitor[0m	åˆå§‹åŒ–	{"ç‰ˆæœ¬": "v4.0.3"}
21:20:19	[35mDEBUG[0m	åˆå¹¶é…ç½®submodeargname:mode
21:20:19	[35mDEBUG[0m	åˆå¹¶é…ç½®subaudiotracks:[]
21:20:19	[35mDEBUG[0m	åˆå¹¶é…ç½®waittimeout:10s
21:20:19	[35mDEBUG[0m	existinternal
21:20:19	[35mDEBUG[0m	åˆå¹¶é…ç½®subvideoargname:vts
21:20:19	[35mDEBUG[0m	åˆå¹¶é…ç½®subvideotracks:[]
21:20:19	[35mDEBUG[0m	åˆå¹¶é…ç½®secretargname:secret
21:20:19	[35mDEBUG[0m	åˆå¹¶é…ç½®expireargname:expire
21:20:19	[35mDEBUG[0m	åˆå¹¶é…ç½®subaudio:true
21:20:19	[35mDEBUG[0m	åˆå¹¶é…ç½®subdatatracks:[]
21:20:19	[35mDEBUG[0m	åˆå¹¶é…ç½®key:
21:20:19	[35mDEBUG[0m	åˆå¹¶é…ç½®subvideo:true
21:20:19	[35mDEBUG[0m	åˆå¹¶é…ç½®subdataargname:dts
21:20:19	[35mDEBUG[0m	åˆå¹¶é…ç½®submode:0
21:20:19	[35mDEBUG[0m	åˆå¹¶é…ç½®syncmode:0
21:20:19	[35mDEBUG[0m	åˆå¹¶é…ç½®iframeonly:false
21:20:19	[35mDEBUG[0m	åˆå¹¶é…ç½®writebuffersize:0
21:20:19	[35mDEBUG[0m	åˆå¹¶é…ç½®subaudioargname:ats
21:20:19	[35mDEBUG[0m	[37;40mMonitor[0m	httpå¤„ç†å™¨å·²æ·»åŠ 	{"pattern": "/api/list/stream"}
21:20:19	[35mDEBUG[0m	[37;40mMonitor[0m	httpå¤„ç†å™¨å·²æ·»åŠ åˆ°å¼•æ“	{"pattern": "/monitor/api/list/stream"}
21:20:19	[35mDEBUG[0m	[37;40mMonitor[0m	httpå¤„ç†å™¨å·²æ·»åŠ 	{"pattern": "/api/list/track"}
21:20:19	[35mDEBUG[0m	[37;40mMonitor[0m	httpå¤„ç†å™¨å·²æ·»åŠ åˆ°å¼•æ“	{"pattern": "/monitor/api/list/track"}
21:20:19	[35mDEBUG[0m	[37;40mMonitor[0m	httpå¤„ç†å™¨å·²æ·»åŠ 	{"pattern": "/"}
21:20:19	[35mDEBUG[0m	[37;40mMonitor[0m	httpå¤„ç†å™¨å·²æ·»åŠ åˆ°å¼•æ“	{"pattern": "/monitor/"}
21:20:19	[35mDEBUG[0m	[37;40mMonitor[0m	é…ç½®	{"é…ç½®": defaultyaml: |-
    subscribe:
      internal: true
http:
    listenaddr: :8080
    listenaddrtls: :8443
    certfile: ""
    keyfile: ""
    cors: true
    username: ""
    password: ""
    readtimeout: 0s
    writetimeout: 0s
    idletimeout: 0s
subscribe:
    subaudio: true
    subvideo: true
    subvideoargname: vts
    subaudioargname: ats
    subdataargname: dts
    submodeargname: mode
    subaudiotracks: []
    subvideotracks: []
    subdatatracks: []
    submode: 0
    syncmode: 0
    iframeonly: false
    waittimeout: 10s
    writebuffersize: 0
    key: ""
    secretargname: secret
    expireargname: expire
    internal: true
path: monitor}
21:20:19	[34mINFO[0m	[37;40mPreview[0m	åˆå§‹åŒ–	{"ç‰ˆæœ¬": "v4.1.2"}
21:20:19	[35mDEBUG[0m	[37;40mPreview[0m	httpå¤„ç†å™¨å·²æ·»åŠ åˆ°å¼•æ“	{"pattern": "/preview/"}
21:20:19	[35mDEBUG[0m	[37;40mPreview[0m	é…ç½®	{"é…ç½®": {}}
21:20:19	[34mINFO[0m	[37;40mRecord[0m	åˆå§‹åŒ–	{"ç‰ˆæœ¬": "v4.4.2-0.20230818060709-6c289bbcd27f"}
21:20:19	[35mDEBUG[0m	åˆå¹¶é…ç½®subvideo:true
21:20:19	[35mDEBUG[0m	åˆå¹¶é…ç½®subdatatracks:[]
21:20:19	[35mDEBUG[0m	åˆå¹¶é…ç½®key:
21:20:19	[35mDEBUG[0m	åˆå¹¶é…ç½®subaudioargname:ats
21:20:19	[35mDEBUG[0m	åˆå¹¶é…ç½®subdataargname:dts
21:20:19	[35mDEBUG[0m	existsubmode
21:20:19	[35mDEBUG[0m	åˆå¹¶é…ç½®syncmode:0
21:20:19	[35mDEBUG[0m	åˆå¹¶é…ç½®iframeonly:false
21:20:19	[35mDEBUG[0m	åˆå¹¶é…ç½®writebuffersize:0
21:20:19	[35mDEBUG[0m	åˆå¹¶é…ç½®subvideoargname:vts
21:20:19	[35mDEBUG[0m	åˆå¹¶é…ç½®submodeargname:mode
21:20:19	[35mDEBUG[0m	åˆå¹¶é…ç½®subaudiotracks:[]
21:20:19	[35mDEBUG[0m	åˆå¹¶é…ç½®waittimeout:10s
21:20:19	[35mDEBUG[0m	existinternal
21:20:19	[35mDEBUG[0m	åˆå¹¶é…ç½®subaudio:true
21:20:19	[35mDEBUG[0m	åˆå¹¶é…ç½®subvideotracks:[]
21:20:19	[35mDEBUG[0m	åˆå¹¶é…ç½®secretargname:secret
21:20:19	[35mDEBUG[0m	åˆå¹¶é…ç½®expireargname:expire
21:20:19	[35mDEBUG[0m	[37;40mRecord[0m	httpå¤„ç†å™¨å·²æ·»åŠ åˆ°å¼•æ“	{"pattern": "/record/api/list"}
21:20:19	[35mDEBUG[0m	[37;40mRecord[0m	httpå¤„ç†å™¨å·²æ·»åŠ åˆ°å¼•æ“	{"pattern": "/record/api/list/recording"}
21:20:19	[35mDEBUG[0m	[37;40mRecord[0m	httpå¤„ç†å™¨å·²æ·»åŠ åˆ°å¼•æ“	{"pattern": "/record/api/start"}
21:20:19	[35mDEBUG[0m	[37;40mRecord[0m	httpå¤„ç†å™¨å·²æ·»åŠ åˆ°å¼•æ“	{"pattern": "/record/api/stop"}
21:20:19	[35mDEBUG[0m	[37;40mRecord[0m	httpå¤„ç†å™¨å·²æ·»åŠ åˆ°å¼•æ“	{"pattern": "/record/"}
21:20:19	[35mDEBUG[0m	[37;40mRecord[0m	é…ç½®	{"é…ç½®": defaultyaml: |-
    subscribe:
      submode: 1
      internal: true
subscribe:
    subaudio: true
    subvideo: true
    subvideoargname: vts
    subaudioargname: ats
    subdataargname: dts
    submodeargname: mode
    subaudiotracks: []
    subvideotracks: []
    subdatatracks: []
    submode: 1
    syncmode: 0
    iframeonly: false
    waittimeout: 10s
    writebuffersize: 0
    key: ""
    secretargname: secret
    expireargname: expire
    internal: true
flv:
    ext: .flv
    path: record/flv
    autorecord: false
    filter: ""
    fragment: 0s
mp4:
    ext: .mp4
    path: record/mp4
    autorecord: false
    filter: ""
    fragment: 0s
fmp4:
    ext: .mp4
    path: record/fmp4
    autorecord: false
    filter: ""
    fragment: 0s
hls:
    ext: .m3u8
    path: record/hls
    autorecord: false
    filter: ""
    fragment: 0s
raw:
    ext: .
    path: record/raw
    autorecord: false
    filter: ""
    fragment: 0s
rawaudio:
    ext: .
    path: record/raw
    autorecord: false
    filter: ""
    fragment: 0s}
21:20:19	[34mINFO[0m	[37;40mRoom[0m	åˆå§‹åŒ–	{"ç‰ˆæœ¬": "v4.0.11"}
21:20:19	[35mDEBUG[0m	åˆå¹¶é…ç½®submode:0
21:20:19	[35mDEBUG[0m	åˆå¹¶é…ç½®syncmode:0
21:20:19	[35mDEBUG[0m	åˆå¹¶é…ç½®iframeonly:false
21:20:19	[35mDEBUG[0m	åˆå¹¶é…ç½®writebuffersize:0
21:20:19	[35mDEBUG[0m	åˆå¹¶é…ç½®subaudioargname:ats
21:20:19	[35mDEBUG[0m	åˆå¹¶é…ç½®subdataargname:dts
21:20:19	[35mDEBUG[0m	åˆå¹¶é…ç½®subaudiotracks:[]
21:20:19	[35mDEBUG[0m	åˆå¹¶é…ç½®waittimeout:10s
21:20:19	[35mDEBUG[0m	åˆå¹¶é…ç½®internal:false
21:20:19	[35mDEBUG[0m	åˆå¹¶é…ç½®subvideoargname:vts
21:20:19	[35mDEBUG[0m	åˆå¹¶é…ç½®submodeargname:mode
21:20:19	[35mDEBUG[0m	åˆå¹¶é…ç½®secretargname:secret
21:20:19	[35mDEBUG[0m	åˆå¹¶é…ç½®expireargname:expire
21:20:19	[35mDEBUG[0m	existsubaudio
21:20:19	[35mDEBUG[0m	åˆå¹¶é…ç½®subvideotracks:[]
21:20:19	[35mDEBUG[0m	åˆå¹¶é…ç½®key:
21:20:19	[35mDEBUG[0m	existsubvideo
21:20:19	[35mDEBUG[0m	åˆå¹¶é…ç½®subdatatracks:[]
21:20:19	[35mDEBUG[0m	[37;40mRoom[0m	httpå¤„ç†å™¨å·²æ·»åŠ 	{"pattern": "/"}
21:20:19	[35mDEBUG[0m	[37;40mRoom[0m	httpå¤„ç†å™¨å·²æ·»åŠ åˆ°å¼•æ“	{"pattern": "/room/"}
21:20:19	[35mDEBUG[0m	[37;40mRoom[0m	é…ç½®	{"é…ç½®": defaultyaml: |-
    subscribe:
      subaudio: false
      subvideo: false
subscribe:
    subaudio: false
    subvideo: false
    subvideoargname: vts
    subaudioargname: ats
    subdataargname: dts
    submodeargname: mode
    subaudiotracks: []
    subvideotracks: []
    subdatatracks: []
    submode: 0
    syncmode: 0
    iframeonly: false
    waittimeout: 10s
    writebuffersize: 0
    key: ""
    secretargname: secret
    expireargname: expire
    internal: false
http:
    listenaddr: :8080
    listenaddrtls: :8443
    certfile: ""
    keyfile: ""
    cors: true
    username: ""
    password: ""
    readtimeout: 0s
    writetimeout: 0s
    idletimeout: 0s
appname: room
size: 20
private: {}
verify:
    url: ""
    method: ""
    header: {}}
21:20:19	[34mINFO[0m	[37;40mSnap[0m	åˆå§‹åŒ–	{"ç‰ˆæœ¬": "v4.0.7"}
21:20:19	[35mDEBUG[0m	åˆå¹¶é…ç½®submodeargname:mode
21:20:19	[35mDEBUG[0m	åˆå¹¶é…ç½®subaudiotracks:[]
21:20:19	[35mDEBUG[0m	åˆå¹¶é…ç½®waittimeout:10s
21:20:19	[35mDEBUG[0m	existinternal
21:20:19	[35mDEBUG[0m	åˆå¹¶é…ç½®subvideoargname:vts
21:20:19	[35mDEBUG[0m	åˆå¹¶é…ç½®subvideotracks:[]
21:20:19	[35mDEBUG[0m	åˆå¹¶é…ç½®secretargname:secret
21:20:19	[35mDEBUG[0m	åˆå¹¶é…ç½®expireargname:expire
21:20:19	[35mDEBUG[0m	existsubaudio
21:20:19	[35mDEBUG[0m	åˆå¹¶é…ç½®subdatatracks:[]
21:20:19	[35mDEBUG[0m	åˆå¹¶é…ç½®key:
21:20:19	[35mDEBUG[0m	åˆå¹¶é…ç½®subvideo:true
21:20:19	[35mDEBUG[0m	åˆå¹¶é…ç½®subdataargname:dts
21:20:19	[35mDEBUG[0m	åˆå¹¶é…ç½®submode:0
21:20:19	[35mDEBUG[0m	åˆå¹¶é…ç½®syncmode:0
21:20:19	[35mDEBUG[0m	existiframeonly
21:20:19	[35mDEBUG[0m	åˆå¹¶é…ç½®writebuffersize:0
21:20:19	[35mDEBUG[0m	åˆå¹¶é…ç½®subaudioargname:ats
21:20:19	[35mDEBUG[0m	[37;40mSnap[0m	httpå¤„ç†å™¨å·²æ·»åŠ 	{"pattern": "/"}
21:20:19	[35mDEBUG[0m	[37;40mSnap[0m	httpå¤„ç†å™¨å·²æ·»åŠ åˆ°å¼•æ“	{"pattern": "/snap/"}
21:20:19	[35mDEBUG[0m	[37;40mSnap[0m	é…ç½®	{"é…ç½®": defaultyaml: |-
    subscribe:
      subaudio: false
      iframeonly: true
      internal: true
    ffmpeg: ffmpeg
subscribe:
    subaudio: false
    subvideo: true
    subvideoargname: vts
    subaudioargname: ats
    subdataargname: dts
    submodeargname: mode
    subaudiotracks: []
    subvideotracks: []
    subdatatracks: []
    submode: 0
    syncmode: 0
    iframeonly: true
    waittimeout: 10s
    writebuffersize: 0
    key: ""
    secretargname: secret
    expireargname: expire
    internal: true
http:
    listenaddr: :8080
    listenaddrtls: :8443
    certfile: ""
    keyfile: ""
    cors: true
    username: ""
    password: ""
    readtimeout: 0s
    writetimeout: 0s
    idletimeout: 0s
ffmpeg: ffmpeg
path: ""
filter: ""}
21:20:19	[34mINFO[0m	[37;40mWebRTC[0m	åˆå§‹åŒ–	{"ç‰ˆæœ¬": "v4.2.1"}
21:20:19	[35mDEBUG[0m	[37;40mWebRTC[0m	httpå¤„ç†å™¨å·²æ·»åŠ åˆ°å¼•æ“	{"pattern": "/webrtc/batch"}
21:20:19	[35mDEBUG[0m	[37;40mWebRTC[0m	httpå¤„ç†å™¨å·²æ·»åŠ åˆ°å¼•æ“	{"pattern": "/webrtc/play/"}
21:20:19	[35mDEBUG[0m	[37;40mWebRTC[0m	httpå¤„ç†å™¨å·²æ·»åŠ åˆ°å¼•æ“	{"pattern": "/webrtc/push/"}
21:20:19	[35mDEBUG[0m	[37;40mWebRTC[0m	httpå¤„ç†å™¨å·²æ·»åŠ åˆ°å¼•æ“	{"pattern": "/webrtc/test/publish"}
21:20:19	[35mDEBUG[0m	[37;40mWebRTC[0m	httpå¤„ç†å™¨å·²æ·»åŠ åˆ°å¼•æ“	{"pattern": "/webrtc/test/screenshare"}
21:20:19	[35mDEBUG[0m	[37;40mWebRTC[0m	httpå¤„ç†å™¨å·²æ·»åŠ åˆ°å¼•æ“	{"pattern": "/webrtc/test/subscribe"}
21:20:19	[34mINFO[0m	[37;40mWebRTC[0m	webrtc start listen	{"port": 9000}
21:20:19	[35mDEBUG[0m	[37;40mWebRTC[0m	é…ç½®	{"é…ç½®": publish:
    pubaudio: true
    pubvideo: true
    insertsei: false
    kickexist: false
    publishtimeout: 10s
    waitclosetimeout: 0s
    delayclosetimeout: 0s
    idletimeout: 0s
    pausetimeout: 30s
    buffertime: 0s
    speedlimit: 500ms
    key: ""
    secretargname: secret
    expireargname: expire
    ringsize: 256
    ringsizemax: 1024
subscribe:
    subaudio: true
    subvideo: true
    subvideoargname: vts
    subaudioargname: ats
    subdataargname: dts
    submodeargname: mode
    subaudiotracks: []
    subvideotracks: []
    subdatatracks: []
    submode: 0
    syncmode: 0
    iframeonly: false
    waittimeout: 10s
    writebuffersize: 0
    key: ""
    secretargname: secret
    expireargname: expire
    internal: false
iceservers: []
publicip: []
port: tcp:9000
pli: 2s}
21:20:19	[34mINFO[0m	[37;40mWebTransport[0m	åˆå§‹åŒ–	{"ç‰ˆæœ¬": "v4.0.8"}
21:20:19	[35mDEBUG[0m	[37;40mWebTransport[0m	é…ç½®	{"é…ç½®": listenaddr: :4433
certfile: ""
keyfile: ""}
21:20:19	[34mINFO[0m	monibuca v4.13.10-0.20230821065056-3d14717f69e6[32m å¯åŠ¨æˆåŠŸ[0m
21:20:19	[31mERROR[0m	è¿æ¥åˆ°æ§åˆ¶å°æœåŠ¡å™¨localhost:44944å¤±è´¥EOF
21:20:21	[31mERROR[0m	è¿æ¥åˆ°æ§åˆ¶å°æœåŠ¡å™¨localhost:44944å¤±è´¥EOF
21:20:23	[31mERROR[0m	è¿æ¥åˆ°æ§åˆ¶å°æœåŠ¡å™¨localhost:44944å¤±è´¥EOF
21:20:23	[34mINFO[0m	[37;40mGB28181[0m	LocalAndInternalIPs	{"routes": 153.3.160: 153.3.160.145
153.3.160.145: 153.3.160.145
192.168.31: 192.168.31.33
192.168.31.33: 153.3.160.145}
21:20:25	[31mERROR[0m	è¿æ¥åˆ°æ§åˆ¶å°æœåŠ¡å™¨localhost:44944å¤±è´¥EOF
21:20:27	[31mERROR[0m	è¿æ¥åˆ°æ§åˆ¶å°æœåŠ¡å™¨localhost:44944å¤±è´¥EOF
21:20:29	[31mERROR[0m	è¿æ¥åˆ°æ§åˆ¶å°æœåŠ¡å™¨localhost:44944å¤±è´¥EOF
21:20:31	[31mERROR[0m	è¿æ¥åˆ°æ§åˆ¶å°æœåŠ¡å™¨localhost:44944å¤±è´¥EOF
21:20:33	[31mERROR[0m	è¿æ¥åˆ°æ§åˆ¶å°æœåŠ¡å™¨localhost:44944å¤±è´¥EOF
21:20:35	[31mERROR[0m	è¿æ¥åˆ°æ§åˆ¶å°æœåŠ¡å™¨localhost:44944å¤±è´¥EOF
21:20:37	[31mERROR[0m	è¿æ¥åˆ°æ§åˆ¶å°æœåŠ¡å™¨localhost:44944å¤±è´¥EOF
21:20:39	[31mERROR[0m	è¿æ¥åˆ°æ§åˆ¶å°æœåŠ¡å™¨localhost:44944å¤±è´¥EOF
21:20:41	[31mERROR[0m	è¿æ¥åˆ°æ§åˆ¶å°æœåŠ¡å™¨localhost:44944å¤±è´¥EOF
21:20:43	[31mERROR[0m	è¿æ¥åˆ°æ§åˆ¶å°æœåŠ¡å™¨localhost:44944å¤±è´¥EOF
21:20:45	[31mERROR[0m	è¿æ¥åˆ°æ§åˆ¶å°æœåŠ¡å™¨localhost:44944å¤±è´¥EOF
21:20:47	[31mERROR[0m	è¿æ¥åˆ°æ§åˆ¶å°æœåŠ¡å™¨localhost:44944å¤±è´¥EOF
21:20:49	[31mERROR[0m	è¿æ¥åˆ°æ§åˆ¶å°æœåŠ¡å™¨localhost:44944å¤±è´¥EOF
21:20:51	[31mERROR[0m	è¿æ¥åˆ°æ§åˆ¶å°æœåŠ¡å™¨localhost:44944å¤±è´¥EOF
21:20:53	[31mERROR[0m	è¿æ¥åˆ°æ§åˆ¶å°æœåŠ¡å™¨localhost:44944å¤±è´¥EOF
21:20:55	[31mERROR[0m	è¿æ¥åˆ°æ§åˆ¶å°æœåŠ¡å™¨localhost:44944å¤±è´¥EOF
21:20:57	[31mERROR[0m	è¿æ¥åˆ°æ§åˆ¶å°æœåŠ¡å™¨localhost:44944å¤±è´¥EOF
21:20:59	[31mERROR[0m	è¿æ¥åˆ°æ§åˆ¶å°æœåŠ¡å™¨localhost:44944å¤±è´¥EOF
21:21:01	[31mERROR[0m	è¿æ¥åˆ°æ§åˆ¶å°æœåŠ¡å™¨localhost:44944å¤±è´¥EOF
21:21:03	[31mERROR[0m	è¿æ¥åˆ°æ§åˆ¶å°æœåŠ¡å™¨localhost:44944å¤±è´¥EOF
21:21:05	[31mERROR[0m	è¿æ¥åˆ°æ§åˆ¶å°æœåŠ¡å™¨localhost:44944å¤±è´¥EOF
21:21:07	[31mERROR[0m	è¿æ¥åˆ°æ§åˆ¶å°æœåŠ¡å™¨localhost:44944å¤±è´¥EOF
21:21:09	[31mERROR[0m	è¿æ¥åˆ°æ§åˆ¶å°æœåŠ¡å™¨localhost:44944å¤±è´¥EOF
21:21:11	[31mERROR[0m	è¿æ¥åˆ°æ§åˆ¶å°æœåŠ¡å™¨localhost:44944å¤±è´¥EOF
21:21:13	[31mERROR[0m	è¿æ¥åˆ°æ§åˆ¶å°æœåŠ¡å™¨localhost:44944å¤±è´¥EOF
21:21:15	[31mERROR[0m	è¿æ¥åˆ°æ§åˆ¶å°æœåŠ¡å™¨localhost:44944å¤±è´¥EOF
21:21:17	[31mERROR[0m	è¿æ¥åˆ°æ§åˆ¶å°æœåŠ¡å™¨localhost:44944å¤±è´¥EOF
21:21:19	[31mERROR[0m	è¿æ¥åˆ°æ§åˆ¶å°æœåŠ¡å™¨localhost:44944å¤±è´¥EOF
21:21:21	[31mERROR[0m	è¿æ¥åˆ°æ§åˆ¶å°æœåŠ¡å™¨localhost:44944å¤±è´¥EOF
21:21:23	[31mERROR[0m	è¿æ¥åˆ°æ§åˆ¶å°æœåŠ¡å™¨localhost:44944å¤±è´¥EOF
21:21:25	[31mERROR[0m	è¿æ¥åˆ°æ§åˆ¶å°æœåŠ¡å™¨localhost:44944å¤±è´¥EOF
21:21:27	[31mERROR[0m	è¿æ¥åˆ°æ§åˆ¶å°æœåŠ¡å™¨localhost:44944å¤±è´¥EOF
21:21:30	[31mERROR[0m	è¿æ¥åˆ°æ§åˆ¶å°æœåŠ¡å™¨localhost:44944å¤±è´¥EOF
21:21:32	[31mERROR[0m	è¿æ¥åˆ°æ§åˆ¶å°æœåŠ¡å™¨localhost:44944å¤±è´¥EOF
21:21:34	[31mERROR[0m	è¿æ¥åˆ°æ§åˆ¶å°æœåŠ¡å™¨localhost:44944å¤±è´¥EOF
21:21:36	[31mERROR[0m	è¿æ¥åˆ°æ§åˆ¶å°æœåŠ¡å™¨localhost:44944å¤±è´¥EOF
21:21:38	[31mERROR[0m	è¿æ¥åˆ°æ§åˆ¶å°æœåŠ¡å™¨localhost:44944å¤±è´¥EOF
21:21:40	[31mERROR[0m	è¿æ¥åˆ°æ§åˆ¶å°æœåŠ¡å™¨localhost:44944å¤±è´¥EOF
21:21:42	[31mERROR[0m	è¿æ¥åˆ°æ§åˆ¶å°æœåŠ¡å™¨localhost:44944å¤±è´¥EOF
21:21:44	[31mERROR[0m	è¿æ¥åˆ°æ§åˆ¶å°æœåŠ¡å™¨localhost:44944å¤±è´¥EOF
21:21:46	[31mERROR[0m	è¿æ¥åˆ°æ§åˆ¶å°æœåŠ¡å™¨localhost:44944å¤±è´¥EOF
21:21:48	[31mERROR[0m	è¿æ¥åˆ°æ§åˆ¶å°æœåŠ¡å™¨localhost:44944å¤±è´¥EOF
21:21:50	[31mERROR[0m	è¿æ¥åˆ°æ§åˆ¶å°æœåŠ¡å™¨localhost:44944å¤±è´¥EOF
21:21:52	[31mERROR[0m	è¿æ¥åˆ°æ§åˆ¶å°æœåŠ¡å™¨localhost:44944å¤±è´¥EOF
21:21:54	[31mERROR[0m	è¿æ¥åˆ°æ§åˆ¶å°æœåŠ¡å™¨localhost:44944å¤±è´¥EOF
21:21:56	[31mERROR[0m	è¿æ¥åˆ°æ§åˆ¶å°æœåŠ¡å™¨localhost:44944å¤±è´¥EOF
21:21:58	[31mERROR[0m	è¿æ¥åˆ°æ§åˆ¶å°æœåŠ¡å™¨localhost:44944å¤±è´¥EOF
21:22:00	[31mERROR[0m	è¿æ¥åˆ°æ§åˆ¶å°æœåŠ¡å™¨localhost:44944å¤±è´¥EOF
21:22:02	[31mERROR[0m	è¿æ¥åˆ°æ§åˆ¶å°æœåŠ¡å™¨localhost:44944å¤±è´¥EOF
21:22:04	[31mERROR[0m	è¿æ¥åˆ°æ§åˆ¶å°æœåŠ¡å™¨localhost:44944å¤±è´¥EOF
21:22:06	[31mERROR[0m	è¿æ¥åˆ°æ§åˆ¶å°æœåŠ¡å™¨localhost:44944å¤±è´¥EOF
21:22:08	[31mERROR[0m	è¿æ¥åˆ°æ§åˆ¶å°æœåŠ¡å™¨localhost:44944å¤±è´¥EOF
21:22:10	[31mERROR[0m	è¿æ¥åˆ°æ§åˆ¶å°æœåŠ¡å™¨localhost:44944å¤±è´¥EOF
21:22:12	[31mERROR[0m	è¿æ¥åˆ°æ§åˆ¶å°æœåŠ¡å™¨localhost:44944å¤±è´¥EOF
21:22:14	[31mERROR[0m	è¿æ¥åˆ°æ§åˆ¶å°æœåŠ¡å™¨localhost:44944å¤±è´¥EOF
21:22:16	[31mERROR[0m	è¿æ¥åˆ°æ§åˆ¶å°æœåŠ¡å™¨localhost:44944å¤±è´¥EOF
21:22:18	[31mERROR[0m	è¿æ¥åˆ°æ§åˆ¶å°æœåŠ¡å™¨localhost:44944å¤±è´¥EOF
21:22:20	[31mERROR[0m	è¿æ¥åˆ°æ§åˆ¶å°æœåŠ¡å™¨localhost:44944å¤±è´¥EOF
21:22:22	[31mERROR[0m	è¿æ¥åˆ°æ§åˆ¶å°æœåŠ¡å™¨localhost:44944å¤±è´¥EOF
21:22:24	[31mERROR[0m	è¿æ¥åˆ°æ§åˆ¶å°æœåŠ¡å™¨localhost:44944å¤±è´¥EOF
21:22:26	[31mERROR[0m	è¿æ¥åˆ°æ§åˆ¶å°æœåŠ¡å™¨localhost:44944å¤±è´¥EOF
21:22:28	[31mERROR[0m	è¿æ¥åˆ°æ§åˆ¶å°æœåŠ¡å™¨localhost:44944å¤±è´¥EOF
21:22:30	[31mERROR[0m	è¿æ¥åˆ°æ§åˆ¶å°æœåŠ¡å™¨localhost:44944å¤±è´¥EOF
21:22:32	[31mERROR[0m	è¿æ¥åˆ°æ§åˆ¶å°æœåŠ¡å™¨localhost:44944å¤±è´¥EOF
21:22:34	[31mERROR[0m	è¿æ¥åˆ°æ§åˆ¶å°æœåŠ¡å™¨localhost:44944å¤±è´¥EOF
21:22:36	[31mERROR[0m	è¿æ¥åˆ°æ§åˆ¶å°æœåŠ¡å™¨localhost:44944å¤±è´¥EOF
21:22:38	[31mERROR[0m	è¿æ¥åˆ°æ§åˆ¶å°æœåŠ¡å™¨localhost:44944å¤±è´¥EOF
21:22:40	[31mERROR[0m	è¿æ¥åˆ°æ§åˆ¶å°æœåŠ¡å™¨localhost:44944å¤±è´¥EOF
21:22:42	[31mERROR[0m	è¿æ¥åˆ°æ§åˆ¶å°æœåŠ¡å™¨localhost:44944å¤±è´¥EOF
21:22:44	[31mERROR[0m	è¿æ¥åˆ°æ§åˆ¶å°æœåŠ¡å™¨localhost:44944å¤±è´¥EOF
21:22:46	[31mERROR[0m	è¿æ¥åˆ°æ§åˆ¶å°æœåŠ¡å™¨localhost:44944å¤±è´¥EOF
21:22:48	[31mERROR[0m	è¿æ¥åˆ°æ§åˆ¶å°æœåŠ¡å™¨localhost:44944å¤±è´¥EOF
21:22:50	[31mERROR[0m	è¿æ¥åˆ°æ§åˆ¶å°æœåŠ¡å™¨localhost:44944å¤±è´¥EOF
21:22:52	[31mERROR[0m	è¿æ¥åˆ°æ§åˆ¶å°æœåŠ¡å™¨localhost:44944å¤±è´¥EOF
21:22:54	[31mERROR[0m	è¿æ¥åˆ°æ§åˆ¶å°æœåŠ¡å™¨localhost:44944å¤±è´¥EOF
21:22:56	[31mERROR[0m	è¿æ¥åˆ°æ§åˆ¶å°æœåŠ¡å™¨localhost:44944å¤±è´¥EOF
21:22:58	[31mERROR[0m	è¿æ¥åˆ°æ§åˆ¶å°æœåŠ¡å™¨localhost:44944å¤±è´¥EOF
21:23:00	[31mERROR[0m	è¿æ¥åˆ°æ§åˆ¶å°æœåŠ¡å™¨localhost:44944å¤±è´¥EOF
21:23:02	[31mERROR[0m	è¿æ¥åˆ°æ§åˆ¶å°æœåŠ¡å™¨localhost:44944å¤±è´¥EOF
21:23:04	[31mERROR[0m	è¿æ¥åˆ°æ§åˆ¶å°æœåŠ¡å™¨localhost:44944å¤±è´¥EOF
21:23:06	[31mERROR[0m	è¿æ¥åˆ°æ§åˆ¶å°æœåŠ¡å™¨localhost:44944å¤±è´¥EOF
21:23:13	[31mERROR[0m	è¿æ¥åˆ°æ§åˆ¶å°æœåŠ¡å™¨localhost:44944å¤±è´¥EOF
21:23:15	[31mERROR[0m	è¿æ¥åˆ°æ§åˆ¶å°æœåŠ¡å™¨localhost:44944å¤±è´¥EOF
21:23:17	[31mERROR[0m	è¿æ¥åˆ°æ§åˆ¶å°æœåŠ¡å™¨localhost:44944å¤±è´¥EOF
21:23:19	[31mERROR[0m	è¿æ¥åˆ°æ§åˆ¶å°æœåŠ¡å™¨localhost:44944å¤±è´¥EOF
21:23:21	[31mERROR[0m	è¿æ¥åˆ°æ§åˆ¶å°æœåŠ¡å™¨localhost:44944å¤±è´¥EOF
21:23:23	[31mERROR[0m	è¿æ¥åˆ°æ§åˆ¶å°æœåŠ¡å™¨localhost:44944å¤±è´¥EOF
21:23:25	[31mERROR[0m	è¿æ¥åˆ°æ§åˆ¶å°æœåŠ¡å™¨localhost:44944å¤±è´¥EOF
21:23:27	[31mERROR[0m	è¿æ¥åˆ°æ§åˆ¶å°æœåŠ¡å™¨localhost:44944å¤±è´¥EOF
21:23:29	[31mERROR[0m	è¿æ¥åˆ°æ§åˆ¶å°æœåŠ¡å™¨localhost:44944å¤±è´¥EOF
21:23:31	[31mERROR[0m	è¿æ¥åˆ°æ§åˆ¶å°æœåŠ¡å™¨localhost:44944å¤±è´¥EOF
21:23:33	[31mERROR[0m	è¿æ¥åˆ°æ§åˆ¶å°æœåŠ¡å™¨localhost:44944å¤±è´¥EOF
21:23:35	[31mERROR[0m	è¿æ¥åˆ°æ§åˆ¶å°æœåŠ¡å™¨localhost:44944å¤±è´¥EOF
21:23:37	[31mERROR[0m	è¿æ¥åˆ°æ§åˆ¶å°æœåŠ¡å™¨localhost:44944å¤±è´¥EOF
21:23:39	[31mERROR[0m	è¿æ¥åˆ°æ§åˆ¶å°æœåŠ¡å™¨localhost:44944å¤±è´¥EOF
21:23:41	[31mERROR[0m	è¿æ¥åˆ°æ§åˆ¶å°æœåŠ¡å™¨localhost:44944å¤±è´¥EOF
21:23:43	[31mERROR[0m	è¿æ¥åˆ°æ§åˆ¶å°æœåŠ¡å™¨localhost:44944å¤±è´¥EOF
21:23:45	[31mERROR[0m	è¿æ¥åˆ°æ§åˆ¶å°æœåŠ¡å™¨localhost:44944å¤±è´¥EOF
21:23:47	[31mERROR[0m	è¿æ¥åˆ°æ§åˆ¶å°æœåŠ¡å™¨localhost:44944å¤±è´¥EOF
21:23:49	[31mERROR[0m	è¿æ¥åˆ°æ§åˆ¶å°æœåŠ¡å™¨localhost:44944å¤±è´¥EOF
21:23:51	[31mERROR[0m	è¿æ¥åˆ°æ§åˆ¶å°æœåŠ¡å™¨localhost:44944å¤±è´¥EOF
21:23:53	[31mERROR[0m	è¿æ¥åˆ°æ§åˆ¶å°æœåŠ¡å™¨localhost:44944å¤±è´¥EOF
21:23:55	[31mERROR[0m	è¿æ¥åˆ°æ§åˆ¶å°æœåŠ¡å™¨localhost:44944å¤±è´¥EOF
21:23:57	[31mERROR[0m	è¿æ¥åˆ°æ§åˆ¶å°æœåŠ¡å™¨localhost:44944å¤±è´¥EOF
21:23:59	[31mERROR[0m	è¿æ¥åˆ°æ§åˆ¶å°æœåŠ¡å™¨localhost:44944å¤±è´¥EOF
21:24:01	[31mERROR[0m	è¿æ¥åˆ°æ§åˆ¶å°æœåŠ¡å™¨localhost:44944å¤±è´¥EOF
21:24:03	[31mERROR[0m	è¿æ¥åˆ°æ§åˆ¶å°æœåŠ¡å™¨localhost:44944å¤±è´¥EOF
21:24:05	[31mERROR[0m	è¿æ¥åˆ°æ§åˆ¶å°æœåŠ¡å™¨localhost:44944å¤±è´¥EOF
21:24:07	[31mERROR[0m	è¿æ¥åˆ°æ§åˆ¶å°æœåŠ¡å™¨localhost:44944å¤±è´¥EOF
21:24:09	[31mERROR[0m	è¿æ¥åˆ°æ§åˆ¶å°æœåŠ¡å™¨localhost:44944å¤±è´¥EOF
21:24:11	[31mERROR[0m	è¿æ¥åˆ°æ§åˆ¶å°æœåŠ¡å™¨localhost:44944å¤±è´¥EOF
21:24:13	[31mERROR[0m	è¿æ¥åˆ°æ§åˆ¶å°æœåŠ¡å™¨localhost:44944å¤±è´¥EOF
21:24:15	[31mERROR[0m	è¿æ¥åˆ°æ§åˆ¶å°æœåŠ¡å™¨localhost:44944å¤±è´¥EOF
21:24:17	[31mERROR[0m	è¿æ¥åˆ°æ§åˆ¶å°æœåŠ¡å™¨localhost:44944å¤±è´¥EOF
21:24:19	[31mERROR[0m	è¿æ¥åˆ°æ§åˆ¶å°æœåŠ¡å™¨localhost:44944å¤±è´¥EOF
21:24:21	[31mERROR[0m	è¿æ¥åˆ°æ§åˆ¶å°æœåŠ¡å™¨localhost:44944å¤±è´¥EOF
21:24:23	[31mERROR[0m	è¿æ¥åˆ°æ§åˆ¶å°æœåŠ¡å™¨localhost:44944å¤±è´¥EOF
21:24:25	[31mERROR[0m	è¿æ¥åˆ°æ§åˆ¶å°æœåŠ¡å™¨localhost:44944å¤±è´¥EOF
21:24:27	[31mERROR[0m	è¿æ¥åˆ°æ§åˆ¶å°æœåŠ¡å™¨localhost:44944å¤±è´¥EOF
21:24:29	[31mERROR[0m	è¿æ¥åˆ°æ§åˆ¶å°æœåŠ¡å™¨localhost:44944å¤±è´¥EOF
21:24:31	[31mERROR[0m	è¿æ¥åˆ°æ§åˆ¶å°æœåŠ¡å™¨localhost:44944å¤±è´¥EOF
21:24:33	[31mERROR[0m	è¿æ¥åˆ°æ§åˆ¶å°æœåŠ¡å™¨localhost:44944å¤±è´¥EOF
21:24:35	[31mERROR[0m	è¿æ¥åˆ°æ§åˆ¶å°æœåŠ¡å™¨localhost:44944å¤±è´¥EOF
21:24:37	[31mERROR[0m	è¿æ¥åˆ°æ§åˆ¶å°æœåŠ¡å™¨localhost:44944å¤±è´¥EOF
21:24:39	[31mERROR[0m	è¿æ¥åˆ°æ§åˆ¶å°æœåŠ¡å™¨localhost:44944å¤±è´¥EOF
21:24:41	[31mERROR[0m	è¿æ¥åˆ°æ§åˆ¶å°æœåŠ¡å™¨localhost:44944å¤±è´¥EOF
21:24:43	[31mERROR[0m	è¿æ¥åˆ°æ§åˆ¶å°æœåŠ¡å™¨localhost:44944å¤±è´¥EOF
21:24:45	[31mERROR[0m	è¿æ¥åˆ°æ§åˆ¶å°æœåŠ¡å™¨localhost:44944å¤±è´¥EOF
21:24:47	[31mERROR[0m	è¿æ¥åˆ°æ§åˆ¶å°æœåŠ¡å™¨localhost:44944å¤±è´¥EOF
21:24:49	[31mERROR[0m	è¿æ¥åˆ°æ§åˆ¶å°æœåŠ¡å™¨localhost:44944å¤±è´¥EOF
21:24:51	[31mERROR[0m	è¿æ¥åˆ°æ§åˆ¶å°æœåŠ¡å™¨localhost:44944å¤±è´¥EOF
21:24:53	[31mERROR[0m	è¿æ¥åˆ°æ§åˆ¶å°æœåŠ¡å™¨localhost:44944å¤±è´¥EOF
21:24:55	[31mERROR[0m	è¿æ¥åˆ°æ§åˆ¶å°æœåŠ¡å™¨localhost:44944å¤±è´¥EOF
21:24:57	[31mERROR[0m	è¿æ¥åˆ°æ§åˆ¶å°æœåŠ¡å™¨localhost:44944å¤±è´¥EOF
21:24:59	[31mERROR[0m	è¿æ¥åˆ°æ§åˆ¶å°æœåŠ¡å™¨localhost:44944å¤±è´¥EOF
21:25:01	[31mERROR[0m	è¿æ¥åˆ°æ§åˆ¶å°æœåŠ¡å™¨localhost:44944å¤±è´¥EOF
21:25:03	[31mERROR[0m	è¿æ¥åˆ°æ§åˆ¶å°æœåŠ¡å™¨localhost:44944å¤±è´¥EOF
21:25:05	[31mERROR[0m	è¿æ¥åˆ°æ§åˆ¶å°æœåŠ¡å™¨localhost:44944å¤±è´¥EOF
21:25:08	[31mERROR[0m	è¿æ¥åˆ°æ§åˆ¶å°æœåŠ¡å™¨localhost:44944å¤±è´¥EOF
21:25:10	[31mERROR[0m	è¿æ¥åˆ°æ§åˆ¶å°æœåŠ¡å™¨localhost:44944å¤±è´¥EOF
21:25:12	[31mERROR[0m	è¿æ¥åˆ°æ§åˆ¶å°æœåŠ¡å™¨localhost:44944å¤±è´¥EOF
21:25:14	[31mERROR[0m	è¿æ¥åˆ°æ§åˆ¶å°æœåŠ¡å™¨localhost:44944å¤±è´¥EOF
21:25:16	[31mERROR[0m	è¿æ¥åˆ°æ§åˆ¶å°æœåŠ¡å™¨localhost:44944å¤±è´¥EOF
21:25:18	[31mERROR[0m	è¿æ¥åˆ°æ§åˆ¶å°æœåŠ¡å™¨localhost:44944å¤±è´¥EOF
21:25:20	[31mERROR[0m	è¿æ¥åˆ°æ§åˆ¶å°æœåŠ¡å™¨localhost:44944å¤±è´¥EOF
21:25:22	[31mERROR[0m	è¿æ¥åˆ°æ§åˆ¶å°æœåŠ¡å™¨localhost:44944å¤±è´¥EOF
21:25:24	[31mERROR[0m	è¿æ¥åˆ°æ§åˆ¶å°æœåŠ¡å™¨localhost:44944å¤±è´¥EOF
21:25:26	[31mERROR[0m	è¿æ¥åˆ°æ§åˆ¶å°æœåŠ¡å™¨localhost:44944å¤±è´¥EOF
21:25:28	[31mERROR[0m	è¿æ¥åˆ°æ§åˆ¶å°æœåŠ¡å™¨localhost:44944å¤±è´¥EOF
21:25:30	[31mERROR[0m	è¿æ¥åˆ°æ§åˆ¶å°æœåŠ¡å™¨localhost:44944å¤±è´¥EOF
21:25:32	[31mERROR[0m	è¿æ¥åˆ°æ§åˆ¶å°æœåŠ¡å™¨localhost:44944å¤±è´¥EOF
21:25:34	[31mERROR[0m	è¿æ¥åˆ°æ§åˆ¶å°æœåŠ¡å™¨localhost:44944å¤±è´¥EOF
21:25:36	[31mERROR[0m	è¿æ¥åˆ°æ§åˆ¶å°æœåŠ¡å™¨localhost:44944å¤±è´¥EOF
21:25:38	[31mERROR[0m	è¿æ¥åˆ°æ§åˆ¶å°æœåŠ¡å™¨localhost:44944å¤±è´¥EOF
21:25:40	[31mERROR[0m	è¿æ¥åˆ°æ§åˆ¶å°æœåŠ¡å™¨localhost:44944å¤±è´¥EOF
21:25:42	[31mERROR[0m	è¿æ¥åˆ°æ§åˆ¶å°æœåŠ¡å™¨localhost:44944å¤±è´¥EOF
21:25:44	[31mERROR[0m	è¿æ¥åˆ°æ§åˆ¶å°æœåŠ¡å™¨localhost:44944å¤±è´¥EOF
21:25:46	[31mERROR[0m	è¿æ¥åˆ°æ§åˆ¶å°æœåŠ¡å™¨localhost:44944å¤±è´¥EOF
21:25:48	[31mERROR[0m	è¿æ¥åˆ°æ§åˆ¶å°æœåŠ¡å™¨localhost:44944å¤±è´¥EOF
21:25:50	[31mERROR[0m	è¿æ¥åˆ°æ§åˆ¶å°æœåŠ¡å™¨localhost:44944å¤±è´¥EOF
21:25:52	[31mERROR[0m	è¿æ¥åˆ°æ§åˆ¶å°æœåŠ¡å™¨localhost:44944å¤±è´¥EOF
21:25:54	[31mERROR[0m	è¿æ¥åˆ°æ§åˆ¶å°æœåŠ¡å™¨localhost:44944å¤±è´¥EOF
21:25:56	[31mERROR[0m	è¿æ¥åˆ°æ§åˆ¶å°æœåŠ¡å™¨localhost:44944å¤±è´¥EOF
21:25:58	[31mERROR[0m	è¿æ¥åˆ°æ§åˆ¶å°æœåŠ¡å™¨localhost:44944å¤±è´¥EOF
21:26:00	[31mERROR[0m	è¿æ¥åˆ°æ§åˆ¶å°æœåŠ¡å™¨localhost:44944å¤±è´¥EOF
21:26:02	[31mERROR[0m	è¿æ¥åˆ°æ§åˆ¶å°æœåŠ¡å™¨localhost:44944å¤±è´¥EOF
21:26:04	[31mERROR[0m	è¿æ¥åˆ°æ§åˆ¶å°æœåŠ¡å™¨localhost:44944å¤±è´¥EOF
21:26:06	[31mERROR[0m	è¿æ¥åˆ°æ§åˆ¶å°æœåŠ¡å™¨localhost:44944å¤±è´¥EOF
21:26:08	[31mERROR[0m	è¿æ¥åˆ°æ§åˆ¶å°æœåŠ¡å™¨localhost:44944å¤±è´¥EOF
21:26:10	[31mERROR[0m	è¿æ¥åˆ°æ§åˆ¶å°æœåŠ¡å™¨localhost:44944å¤±è´¥EOF
21:26:12	[31mERROR[0m	è¿æ¥åˆ°æ§åˆ¶å°æœåŠ¡å™¨localhost:44944å¤±è´¥EOF
21:26:14	[31mERROR[0m	è¿æ¥åˆ°æ§åˆ¶å°æœåŠ¡å™¨localhost:44944å¤±è´¥EOF
21:26:16	[31mERROR[0m	è¿æ¥åˆ°æ§åˆ¶å°æœåŠ¡å™¨localhost:44944å¤±è´¥EOF
21:26:18	[31mERROR[0m	è¿æ¥åˆ°æ§åˆ¶å°æœåŠ¡å™¨localhost:44944å¤±è´¥EOF
21:26:20	[31mERROR[0m	è¿æ¥åˆ°æ§åˆ¶å°æœåŠ¡å™¨localhost:44944å¤±è´¥EOF
21:26:22	[31mERROR[0m	è¿æ¥åˆ°æ§åˆ¶å°æœåŠ¡å™¨localhost:44944å¤±è´¥EOF
21:26:24	[31mERROR[0m	è¿æ¥åˆ°æ§åˆ¶å°æœåŠ¡å™¨localhost:44944å¤±è´¥EOF
21:26:26	[31mERROR[0m	è¿æ¥åˆ°æ§åˆ¶å°æœåŠ¡å™¨localhost:44944å¤±è´¥EOF
21:26:28	[31mERROR[0m	è¿æ¥åˆ°æ§åˆ¶å°æœåŠ¡å™¨localhost:44944å¤±è´¥EOF
21:26:30	[31mERROR[0m	è¿æ¥åˆ°æ§åˆ¶å°æœåŠ¡å™¨localhost:44944å¤±è´¥EOF
21:26:32	[31mERROR[0m	è¿æ¥åˆ°æ§åˆ¶å°æœåŠ¡å™¨localhost:44944å¤±è´¥EOF
21:26:34	[31mERROR[0m	è¿æ¥åˆ°æ§åˆ¶å°æœåŠ¡å™¨localhost:44944å¤±è´¥EOF
21:26:36	[31mERROR[0m	è¿æ¥åˆ°æ§åˆ¶å°æœåŠ¡å™¨localhost:44944å¤±è´¥EOF
21:26:38	[31mERROR[0m	è¿æ¥åˆ°æ§åˆ¶å°æœåŠ¡å™¨localhost:44944å¤±è´¥EOF
21:26:40	[31mERROR[0m	è¿æ¥åˆ°æ§åˆ¶å°æœåŠ¡å™¨localhost:44944å¤±è´¥EOF
21:26:42	[31mERROR[0m	è¿æ¥åˆ°æ§åˆ¶å°æœåŠ¡å™¨localhost:44944å¤±è´¥EOF
21:26:44	[31mERROR[0m	è¿æ¥åˆ°æ§åˆ¶å°æœåŠ¡å™¨localhost:44944å¤±è´¥EOF
21:26:46	[31mERROR[0m	è¿æ¥åˆ°æ§åˆ¶å°æœåŠ¡å™¨localhost:44944å¤±è´¥EOF
21:26:48	[31mERROR[0m	è¿æ¥åˆ°æ§åˆ¶å°æœåŠ¡å™¨localhost:44944å¤±è´¥EOF
21:26:50	[31mERROR[0m	è¿æ¥åˆ°æ§åˆ¶å°æœåŠ¡å™¨localhost:44944å¤±è´¥EOF
21:26:52	[31mERROR[0m	è¿æ¥åˆ°æ§åˆ¶å°æœåŠ¡å™¨localhost:44944å¤±è´¥EOF
21:26:54	[31mERROR[0m	è¿æ¥åˆ°æ§åˆ¶å°æœåŠ¡å™¨localhost:44944å¤±è´¥EOF
21:26:56	[31mERROR[0m	è¿æ¥åˆ°æ§åˆ¶å°æœåŠ¡å™¨localhost:44944å¤±è´¥EOF
21:26:58	[31mERROR[0m	è¿æ¥åˆ°æ§åˆ¶å°æœåŠ¡å™¨localhost:44944å¤±è´¥EOF
21:27:00	[31mERROR[0m	è¿æ¥åˆ°æ§åˆ¶å°æœåŠ¡å™¨localhost:44944å¤±è´¥EOF
21:27:02	[31mERROR[0m	è¿æ¥åˆ°æ§åˆ¶å°æœåŠ¡å™¨localhost:44944å¤±è´¥EOF
21:27:04	[31mERROR[0m	è¿æ¥åˆ°æ§åˆ¶å°æœåŠ¡å™¨localhost:44944å¤±è´¥EOF
21:27:06	[31mERROR[0m	è¿æ¥åˆ°æ§åˆ¶å°æœåŠ¡å™¨localhost:44944å¤±è´¥EOF
21:27:08	[31mERROR[0m	è¿æ¥åˆ°æ§åˆ¶å°æœåŠ¡å™¨localhost:44944å¤±è´¥EOF
21:27:10	[31mERROR[0m	è¿æ¥åˆ°æ§åˆ¶å°æœåŠ¡å™¨localhost:44944å¤±è´¥EOF
21:27:12	[31mERROR[0m	è¿æ¥åˆ°æ§åˆ¶å°æœåŠ¡å™¨localhost:44944å¤±è´¥EOF
21:27:14	[31mERROR[0m	è¿æ¥åˆ°æ§åˆ¶å°æœåŠ¡å™¨localhost:44944å¤±è´¥EOF
21:27:16	[31mERROR[0m	è¿æ¥åˆ°æ§åˆ¶å°æœåŠ¡å™¨localhost:44944å¤±è´¥EOF
21:27:18	[31mERROR[0m	è¿æ¥åˆ°æ§åˆ¶å°æœåŠ¡å™¨localhost:44944å¤±è´¥EOF
21:27:20	[31mERROR[0m	è¿æ¥åˆ°æ§åˆ¶å°æœåŠ¡å™¨localhost:44944å¤±è´¥EOF
21:27:22	[31mERROR[0m	è¿æ¥åˆ°æ§åˆ¶å°æœåŠ¡å™¨localhost:44944å¤±è´¥EOF
21:27:24	[31mERROR[0m	è¿æ¥åˆ°æ§åˆ¶å°æœåŠ¡å™¨localhost:44944å¤±è´¥EOF
21:27:26	[31mERROR[0m	è¿æ¥åˆ°æ§åˆ¶å°æœåŠ¡å™¨localhost:44944å¤±è´¥EOF
21:27:28	[31mERROR[0m	è¿æ¥åˆ°æ§åˆ¶å°æœåŠ¡å™¨localhost:44944å¤±è´¥EOF
21:27:30	[31mERROR[0m	è¿æ¥åˆ°æ§åˆ¶å°æœåŠ¡å™¨localhost:44944å¤±è´¥EOF
21:27:32	[31mERROR[0m	è¿æ¥åˆ°æ§åˆ¶å°æœåŠ¡å™¨localhost:44944å¤±è´¥EOF
21:27:34	[31mERROR[0m	è¿æ¥åˆ°æ§åˆ¶å°æœåŠ¡å™¨localhost:44944å¤±è´¥EOF
21:27:36	[31mERROR[0m	è¿æ¥åˆ°æ§åˆ¶å°æœåŠ¡å™¨localhost:44944å¤±è´¥EOF
21:27:38	[31mERROR[0m	è¿æ¥åˆ°æ§åˆ¶å°æœåŠ¡å™¨localhost:44944å¤±è´¥EOF
21:27:40	[31mERROR[0m	è¿æ¥åˆ°æ§åˆ¶å°æœåŠ¡å™¨localhost:44944å¤±è´¥EOF
21:27:42	[31mERROR[0m	è¿æ¥åˆ°æ§åˆ¶å°æœåŠ¡å™¨localhost:44944å¤±è´¥EOF
21:27:44	[31mERROR[0m	è¿æ¥åˆ°æ§åˆ¶å°æœåŠ¡å™¨localhost:44944å¤±è´¥EOF
21:27:46	[31mERROR[0m	è¿æ¥åˆ°æ§åˆ¶å°æœåŠ¡å™¨localhost:44944å¤±è´¥EOF
21:27:48	[31mERROR[0m	è¿æ¥åˆ°æ§åˆ¶å°æœåŠ¡å™¨localhost:44944å¤±è´¥EOF
21:27:50	[31mERROR[0m	è¿æ¥åˆ°æ§åˆ¶å°æœåŠ¡å™¨localhost:44944å¤±è´¥EOF
21:27:52	[31mERROR[0m	è¿æ¥åˆ°æ§åˆ¶å°æœåŠ¡å™¨localhost:44944å¤±è´¥EOF
21:27:54	[31mERROR[0m	è¿æ¥åˆ°æ§åˆ¶å°æœåŠ¡å™¨localhost:44944å¤±è´¥EOF
21:27:56	[31mERROR[0m	è¿æ¥åˆ°æ§åˆ¶å°æœåŠ¡å™¨localhost:44944å¤±è´¥EOF
21:27:58	[31mERROR[0m	è¿æ¥åˆ°æ§åˆ¶å°æœåŠ¡å™¨localhost:44944å¤±è´¥EOF
21:28:00	[31mERROR[0m	è¿æ¥åˆ°æ§åˆ¶å°æœåŠ¡å™¨localhost:44944å¤±è´¥EOF
21:28:02	[31mERROR[0m	è¿æ¥åˆ°æ§åˆ¶å°æœåŠ¡å™¨localhost:44944å¤±è´¥EOF
21:28:04	[31mERROR[0m	è¿æ¥åˆ°æ§åˆ¶å°æœåŠ¡å™¨localhost:44944å¤±è´¥EOF
21:28:06	[31mERROR[0m	è¿æ¥åˆ°æ§åˆ¶å°æœåŠ¡å™¨localhost:44944å¤±è´¥EOF
21:28:09	[31mERROR[0m	è¿æ¥åˆ°æ§åˆ¶å°æœåŠ¡å™¨localhost:44944å¤±è´¥EOF
21:28:11	[31mERROR[0m	è¿æ¥åˆ°æ§åˆ¶å°æœåŠ¡å™¨localhost:44944å¤±è´¥EOF
21:28:13	[31mERROR[0m	è¿æ¥åˆ°æ§åˆ¶å°æœåŠ¡å™¨localhost:44944å¤±è´¥EOF
21:28:15	[31mERROR[0m	è¿æ¥åˆ°æ§åˆ¶å°æœåŠ¡å™¨localhost:44944å¤±è´¥EOF
21:28:17	[31mERROR[0m	è¿æ¥åˆ°æ§åˆ¶å°æœåŠ¡å™¨localhost:44944å¤±è´¥EOF
21:28:19	[31mERROR[0m	è¿æ¥åˆ°æ§åˆ¶å°æœåŠ¡å™¨localhost:44944å¤±è´¥EOF
21:28:21	[31mERROR[0m	è¿æ¥åˆ°æ§åˆ¶å°æœåŠ¡å™¨localhost:44944å¤±è´¥EOF
21:28:23	[31mERROR[0m	è¿æ¥åˆ°æ§åˆ¶å°æœåŠ¡å™¨localhost:44944å¤±è´¥EOF
21:28:25	[31mERROR[0m	è¿æ¥åˆ°æ§åˆ¶å°æœåŠ¡å™¨localhost:44944å¤±è´¥EOF
21:28:27	[31mERROR[0m	è¿æ¥åˆ°æ§åˆ¶å°æœåŠ¡å™¨localhost:44944å¤±è´¥EOF
21:28:29	[31mERROR[0m	è¿æ¥åˆ°æ§åˆ¶å°æœåŠ¡å™¨localhost:44944å¤±è´¥EOF
21:28:31	[31mERROR[0m	è¿æ¥åˆ°æ§åˆ¶å°æœåŠ¡å™¨localhost:44944å¤±è´¥EOF
21:28:33	[31mERROR[0m	è¿æ¥åˆ°æ§åˆ¶å°æœåŠ¡å™¨localhost:44944å¤±è´¥EOF
21:28:35	[31mERROR[0m	è¿æ¥åˆ°æ§åˆ¶å°æœåŠ¡å™¨localhost:44944å¤±è´¥EOF
21:28:37	[31mERROR[0m	è¿æ¥åˆ°æ§åˆ¶å°æœåŠ¡å™¨localhost:44944å¤±è´¥EOF
21:28:39	[31mERROR[0m	è¿æ¥åˆ°æ§åˆ¶å°æœåŠ¡å™¨localhost:44944å¤±è´¥EOF
21:28:41	[31mERROR[0m	è¿æ¥åˆ°æ§åˆ¶å°æœåŠ¡å™¨localhost:44944å¤±è´¥EOF
21:28:43	[31mERROR[0m	è¿æ¥åˆ°æ§åˆ¶å°æœåŠ¡å™¨localhost:44944å¤±è´¥EOF
21:28:45	[31mERROR[0m	è¿æ¥åˆ°æ§åˆ¶å°æœåŠ¡å™¨localhost:44944å¤±è´¥EOF
21:28:47	[31mERROR[0m	è¿æ¥åˆ°æ§åˆ¶å°æœåŠ¡å™¨localhost:44944å¤±è´¥EOF
21:28:49	[31mERROR[0m	è¿æ¥åˆ°æ§åˆ¶å°æœåŠ¡å™¨localhost:44944å¤±è´¥EOF
21:28:51	[31mERROR[0m	è¿æ¥åˆ°æ§åˆ¶å°æœåŠ¡å™¨localhost:44944å¤±è´¥EOF
21:28:53	[31mERROR[0m	è¿æ¥åˆ°æ§åˆ¶å°æœåŠ¡å™¨localhost:44944å¤±è´¥EOF
21:28:55	[31mERROR[0m	è¿æ¥åˆ°æ§åˆ¶å°æœåŠ¡å™¨localhost:44944å¤±è´¥EOF
21:28:57	[31mERROR[0m	è¿æ¥åˆ°æ§åˆ¶å°æœåŠ¡å™¨localhost:44944å¤±è´¥EOF
21:28:59	[31mERROR[0m	è¿æ¥åˆ°æ§åˆ¶å°æœåŠ¡å™¨localhost:44944å¤±è´¥EOF
21:29:01	[31mERROR[0m	è¿æ¥åˆ°æ§åˆ¶å°æœåŠ¡å™¨localhost:44944å¤±è´¥EOF
21:29:03	[31mERROR[0m	è¿æ¥åˆ°æ§åˆ¶å°æœåŠ¡å™¨localhost:44944å¤±è´¥EOF
21:29:05	[31mERROR[0m	è¿æ¥åˆ°æ§åˆ¶å°æœåŠ¡å™¨localhost:44944å¤±è´¥EOF
21:29:07	[31mERROR[0m	è¿æ¥åˆ°æ§åˆ¶å°æœåŠ¡å™¨localhost:44944å¤±è´¥EOF
21:29:09	[31mERROR[0m	è¿æ¥åˆ°æ§åˆ¶å°æœåŠ¡å™¨localhost:44944å¤±è´¥EOF
21:29:11	[31mERROR[0m	è¿æ¥åˆ°æ§åˆ¶å°æœåŠ¡å™¨localhost:44944å¤±è´¥EOF
21:29:13	[31mERROR[0m	è¿æ¥åˆ°æ§åˆ¶å°æœåŠ¡å™¨localhost:44944å¤±è´¥EOF
21:29:15	[31mERROR[0m	è¿æ¥åˆ°æ§åˆ¶å°æœåŠ¡å™¨localhost:44944å¤±è´¥EOF
21:29:17	[31mERROR[0m	è¿æ¥åˆ°æ§åˆ¶å°æœåŠ¡å™¨localhost:44944å¤±è´¥EOF
21:29:19	[31mERROR[0m	è¿æ¥åˆ°æ§åˆ¶å°æœåŠ¡å™¨localhost:44944å¤±è´¥EOF
21:29:21	[31mERROR[0m	è¿æ¥åˆ°æ§åˆ¶å°æœåŠ¡å™¨localhost:44944å¤±è´¥EOF
21:29:23	[31mERROR[0m	è¿æ¥åˆ°æ§åˆ¶å°æœåŠ¡å™¨localhost:44944å¤±è´¥EOF
21:29:25	[31mERROR[0m	è¿æ¥åˆ°æ§åˆ¶å°æœåŠ¡å™¨localhost:44944å¤±è´¥EOF
21:29:27	[31mERROR[0m	è¿æ¥åˆ°æ§åˆ¶å°æœåŠ¡å™¨localhost:44944å¤±è´¥EOF
21:29:29	[31mERROR[0m	è¿æ¥åˆ°æ§åˆ¶å°æœåŠ¡å™¨localhost:44944å¤±è´¥EOF
21:29:31	[31mERROR[0m	è¿æ¥åˆ°æ§åˆ¶å°æœåŠ¡å™¨localhost:44944å¤±è´¥EOF
21:29:33	[31mERROR[0m	è¿æ¥åˆ°æ§åˆ¶å°æœåŠ¡å™¨localhost:44944å¤±è´¥EOF
21:29:35	[31mERROR[0m	è¿æ¥åˆ°æ§åˆ¶å°æœåŠ¡å™¨localhost:44944å¤±è´¥EOF
21:29:37	[31mERROR[0m	è¿æ¥åˆ°æ§åˆ¶å°æœåŠ¡å™¨localhost:44944å¤±è´¥EOF
21:29:39	[31mERROR[0m	è¿æ¥åˆ°æ§åˆ¶å°æœåŠ¡å™¨localhost:44944å¤±è´¥EOF
21:29:41	[31mERROR[0m	è¿æ¥åˆ°æ§åˆ¶å°æœåŠ¡å™¨localhost:44944å¤±è´¥EOF
21:29:43	[31mERROR[0m	è¿æ¥åˆ°æ§åˆ¶å°æœåŠ¡å™¨localhost:44944å¤±è´¥EOF
21:29:45	[31mERROR[0m	è¿æ¥åˆ°æ§åˆ¶å°æœåŠ¡å™¨localhost:44944å¤±è´¥EOF
21:29:47	[31mERROR[0m	è¿æ¥åˆ°æ§åˆ¶å°æœåŠ¡å™¨localhost:44944å¤±è´¥EOF
21:29:49	[31mERROR[0m	è¿æ¥åˆ°æ§åˆ¶å°æœåŠ¡å™¨localhost:44944å¤±è´¥EOF
21:29:51	[31mERROR[0m	è¿æ¥åˆ°æ§åˆ¶å°æœåŠ¡å™¨localhost:44944å¤±è´¥EOF
21:29:53	[31mERROR[0m	è¿æ¥åˆ°æ§åˆ¶å°æœåŠ¡å™¨localhost:44944å¤±è´¥EOF
21:29:55	[31mERROR[0m	è¿æ¥åˆ°æ§åˆ¶å°æœåŠ¡å™¨localhost:44944å¤±è´¥EOF
21:29:57	[31mERROR[0m	è¿æ¥åˆ°æ§åˆ¶å°æœåŠ¡å™¨localhost:44944å¤±è´¥EOF
21:29:59	[31mERROR[0m	è¿æ¥åˆ°æ§åˆ¶å°æœåŠ¡å™¨localhost:44944å¤±è´¥EOF
21:30:01	[31mERROR[0m	è¿æ¥åˆ°æ§åˆ¶å°æœåŠ¡å™¨localhost:44944å¤±è´¥EOF
21:30:03	[31mERROR[0m	è¿æ¥åˆ°æ§åˆ¶å°æœåŠ¡å™¨localhost:44944å¤±è´¥EOF
21:30:05	[31mERROR[0m	è¿æ¥åˆ°æ§åˆ¶å°æœåŠ¡å™¨localhost:44944å¤±è´¥EOF
21:30:07	[31mERROR[0m	è¿æ¥åˆ°æ§åˆ¶å°æœåŠ¡å™¨localhost:44944å¤±è´¥EOF
21:30:09	[31mERROR[0m	è¿æ¥åˆ°æ§åˆ¶å°æœåŠ¡å™¨localhost:44944å¤±è´¥EOF
21:30:11	[31mERROR[0m	è¿æ¥åˆ°æ§åˆ¶å°æœåŠ¡å™¨localhost:44944å¤±è´¥EOF
21:30:13	[31mERROR[0m	è¿æ¥åˆ°æ§åˆ¶å°æœåŠ¡å™¨localhost:44944å¤±è´¥EOF
21:30:15	[31mERROR[0m	è¿æ¥åˆ°æ§åˆ¶å°æœåŠ¡å™¨localhost:44944å¤±è´¥EOF
21:30:17	[31mERROR[0m	è¿æ¥åˆ°æ§åˆ¶å°æœåŠ¡å™¨localhost:44944å¤±è´¥EOF
21:30:19	[31mERROR[0m	è¿æ¥åˆ°æ§åˆ¶å°æœåŠ¡å™¨localhost:44944å¤±è´¥EOF
21:30:21	[31mERROR[0m	è¿æ¥åˆ°æ§åˆ¶å°æœåŠ¡å™¨localhost:44944å¤±è´¥EOF
21:30:23	[31mERROR[0m	è¿æ¥åˆ°æ§åˆ¶å°æœåŠ¡å™¨localhost:44944å¤±è´¥EOF
21:30:25	[31mERROR[0m	è¿æ¥åˆ°æ§åˆ¶å°æœåŠ¡å™¨localhost:44944å¤±è´¥EOF
21:30:27	[31mERROR[0m	è¿æ¥åˆ°æ§åˆ¶å°æœåŠ¡å™¨localhost:44944å¤±è´¥EOF
21:30:29	[31mERROR[0m	è¿æ¥åˆ°æ§åˆ¶å°æœåŠ¡å™¨localhost:44944å¤±è´¥EOF
21:30:31	[31mERROR[0m	è¿æ¥åˆ°æ§åˆ¶å°æœåŠ¡å™¨localhost:44944å¤±è´¥EOF
21:30:33	[31mERROR[0m	è¿æ¥åˆ°æ§åˆ¶å°æœåŠ¡å™¨localhost:44944å¤±è´¥EOF
21:30:35	[31mERROR[0m	è¿æ¥åˆ°æ§åˆ¶å°æœåŠ¡å™¨localhost:44944å¤±è´¥EOF
21:30:37	[31mERROR[0m	è¿æ¥åˆ°æ§åˆ¶å°æœåŠ¡å™¨localhost:44944å¤±è´¥EOF
21:30:39	[31mERROR[0m	è¿æ¥åˆ°æ§åˆ¶å°æœåŠ¡å™¨localhost:44944å¤±è´¥EOF
21:30:41	[31mERROR[0m	è¿æ¥åˆ°æ§åˆ¶å°æœåŠ¡å™¨localhost:44944å¤±è´¥EOF
21:30:43	[31mERROR[0m	è¿æ¥åˆ°æ§åˆ¶å°æœåŠ¡å™¨localhost:44944å¤±è´¥EOF
21:30:45	[31mERROR[0m	è¿æ¥åˆ°æ§åˆ¶å°æœåŠ¡å™¨localhost:44944å¤±è´¥EOF
21:30:47	[31mERROR[0m	è¿æ¥åˆ°æ§åˆ¶å°æœåŠ¡å™¨localhost:44944å¤±è´¥EOF
21:30:49	[31mERROR[0m	è¿æ¥åˆ°æ§åˆ¶å°æœåŠ¡å™¨localhost:44944å¤±è´¥EOF
21:30:51	[31mERROR[0m	è¿æ¥åˆ°æ§åˆ¶å°æœåŠ¡å™¨localhost:44944å¤±è´¥EOF
21:30:53	[31mERROR[0m	è¿æ¥åˆ°æ§åˆ¶å°æœåŠ¡å™¨localhost:44944å¤±è´¥EOF
21:30:55	[31mERROR[0m	è¿æ¥åˆ°æ§åˆ¶å°æœåŠ¡å™¨localhost:44944å¤±è´¥EOF
21:30:57	[31mERROR[0m	è¿æ¥åˆ°æ§åˆ¶å°æœåŠ¡å™¨localhost:44944å¤±è´¥EOF
21:30:59	[31mERROR[0m	è¿æ¥åˆ°æ§åˆ¶å°æœåŠ¡å™¨localhost:44944å¤±è´¥EOF
21:31:01	[31mERROR[0m	è¿æ¥åˆ°æ§åˆ¶å°æœåŠ¡å™¨localhost:44944å¤±è´¥EOF
21:31:03	[31mERROR[0m	è¿æ¥åˆ°æ§åˆ¶å°æœåŠ¡å™¨localhost:44944å¤±è´¥EOF
21:31:05	[31mERROR[0m	è¿æ¥åˆ°æ§åˆ¶å°æœåŠ¡å™¨localhost:44944å¤±è´¥EOF
21:31:07	[31mERROR[0m	è¿æ¥åˆ°æ§åˆ¶å°æœåŠ¡å™¨localhost:44944å¤±è´¥EOF
21:31:09	[31mERROR[0m	è¿æ¥åˆ°æ§åˆ¶å°æœåŠ¡å™¨localhost:44944å¤±è´¥EOF
21:31:11	[31mERROR[0m	è¿æ¥åˆ°æ§åˆ¶å°æœåŠ¡å™¨localhost:44944å¤±è´¥EOF
21:31:14	[31mERROR[0m	è¿æ¥åˆ°æ§åˆ¶å°æœåŠ¡å™¨localhost:44944å¤±è´¥EOF
21:31:16	[31mERROR[0m	è¿æ¥åˆ°æ§åˆ¶å°æœåŠ¡å™¨localhost:44944å¤±è´¥EOF
21:31:18	[31mERROR[0m	è¿æ¥åˆ°æ§åˆ¶å°æœåŠ¡å™¨localhost:44944å¤±è´¥EOF
21:31:20	[31mERROR[0m	è¿æ¥åˆ°æ§åˆ¶å°æœåŠ¡å™¨localhost:44944å¤±è´¥EOF
21:31:22	[31mERROR[0m	è¿æ¥åˆ°æ§åˆ¶å°æœåŠ¡å™¨localhost:44944å¤±è´¥EOF
21:31:24	[31mERROR[0m	è¿æ¥åˆ°æ§åˆ¶å°æœåŠ¡å™¨localhost:44944å¤±è´¥EOF
21:31:26	[31mERROR[0m	è¿æ¥åˆ°æ§åˆ¶å°æœåŠ¡å™¨localhost:44944å¤±è´¥EOF
21:31:28	[31mERROR[0m	è¿æ¥åˆ°æ§åˆ¶å°æœåŠ¡å™¨localhost:44944å¤±è´¥EOF
21:31:30	[31mERROR[0m	è¿æ¥åˆ°æ§åˆ¶å°æœåŠ¡å™¨localhost:44944å¤±è´¥EOF
21:31:32	[31mERROR[0m	è¿æ¥åˆ°æ§åˆ¶å°æœåŠ¡å™¨localhost:44944å¤±è´¥EOF
21:31:34	[31mERROR[0m	è¿æ¥åˆ°æ§åˆ¶å°æœåŠ¡å™¨localhost:44944å¤±è´¥EOF
21:31:36	[31mERROR[0m	è¿æ¥åˆ°æ§åˆ¶å°æœåŠ¡å™¨localhost:44944å¤±è´¥EOF
21:31:38	[31mERROR[0m	è¿æ¥åˆ°æ§åˆ¶å°æœåŠ¡å™¨localhost:44944å¤±è´¥EOF
21:31:40	[31mERROR[0m	è¿æ¥åˆ°æ§åˆ¶å°æœåŠ¡å™¨localhost:44944å¤±è´¥EOF
21:31:42	[31mERROR[0m	è¿æ¥åˆ°æ§åˆ¶å°æœåŠ¡å™¨localhost:44944å¤±è´¥EOF
21:31:44	[31mERROR[0m	è¿æ¥åˆ°æ§åˆ¶å°æœåŠ¡å™¨localhost:44944å¤±è´¥EOF
21:31:46	[31mERROR[0m	è¿æ¥åˆ°æ§åˆ¶å°æœåŠ¡å™¨localhost:44944å¤±è´¥EOF
21:31:48	[31mERROR[0m	è¿æ¥åˆ°æ§åˆ¶å°æœåŠ¡å™¨localhost:44944å¤±è´¥EOF
21:31:50	[31mERROR[0m	è¿æ¥åˆ°æ§åˆ¶å°æœåŠ¡å™¨localhost:44944å¤±è´¥EOF
21:31:52	[31mERROR[0m	è¿æ¥åˆ°æ§åˆ¶å°æœåŠ¡å™¨localhost:44944å¤±è´¥EOF
21:31:54	[31mERROR[0m	è¿æ¥åˆ°æ§åˆ¶å°æœåŠ¡å™¨localhost:44944å¤±è´¥EOF
21:31:56	[31mERROR[0m	è¿æ¥åˆ°æ§åˆ¶å°æœåŠ¡å™¨localhost:44944å¤±è´¥EOF
21:31:58	[31mERROR[0m	è¿æ¥åˆ°æ§åˆ¶å°æœåŠ¡å™¨localhost:44944å¤±è´¥EOF
21:32:00	[31mERROR[0m	è¿æ¥åˆ°æ§åˆ¶å°æœåŠ¡å™¨localhost:44944å¤±è´¥EOF
21:32:02	[31mERROR[0m	è¿æ¥åˆ°æ§åˆ¶å°æœåŠ¡å™¨localhost:44944å¤±è´¥EOF
21:32:04	[31mERROR[0m	è¿æ¥åˆ°æ§åˆ¶å°æœåŠ¡å™¨localhost:44944å¤±è´¥EOF
21:32:06	[31mERROR[0m	è¿æ¥åˆ°æ§åˆ¶å°æœåŠ¡å™¨localhost:44944å¤±è´¥EOF
21:32:08	[31mERROR[0m	è¿æ¥åˆ°æ§åˆ¶å°æœåŠ¡å™¨localhost:44944å¤±è´¥EOF
21:32:10	[31mERROR[0m	è¿æ¥åˆ°æ§åˆ¶å°æœåŠ¡å™¨localhost:44944å¤±è´¥EOF
21:32:12	[31mERROR[0m	è¿æ¥åˆ°æ§åˆ¶å°æœåŠ¡å™¨localhost:44944å¤±è´¥EOF
21:32:14	[31mERROR[0m	è¿æ¥åˆ°æ§åˆ¶å°æœåŠ¡å™¨localhost:44944å¤±è´¥EOF
21:32:16	[31mERROR[0m	è¿æ¥åˆ°æ§åˆ¶å°æœåŠ¡å™¨localhost:44944å¤±è´¥EOF
21:32:18	[31mERROR[0m	è¿æ¥åˆ°æ§åˆ¶å°æœåŠ¡å™¨localhost:44944å¤±è´¥EOF
21:32:20	[31mERROR[0m	è¿æ¥åˆ°æ§åˆ¶å°æœåŠ¡å™¨localhost:44944å¤±è´¥EOF
21:32:22	[31mERROR[0m	è¿æ¥åˆ°æ§åˆ¶å°æœåŠ¡å™¨localhost:44944å¤±è´¥EOF
21:32:24	[31mERROR[0m	è¿æ¥åˆ°æ§åˆ¶å°æœåŠ¡å™¨localhost:44944å¤±è´¥EOF
21:32:26	[31mERROR[0m	è¿æ¥åˆ°æ§åˆ¶å°æœåŠ¡å™¨localhost:44944å¤±è´¥EOF
21:32:28	[31mERROR[0m	è¿æ¥åˆ°æ§åˆ¶å°æœåŠ¡å™¨localhost:44944å¤±è´¥EOF
21:32:30	[31mERROR[0m	è¿æ¥åˆ°æ§åˆ¶å°æœåŠ¡å™¨localhost:44944å¤±è´¥EOF
21:32:32	[31mERROR[0m	è¿æ¥åˆ°æ§åˆ¶å°æœåŠ¡å™¨localhost:44944å¤±è´¥EOF
21:32:34	[31mERROR[0m	è¿æ¥åˆ°æ§åˆ¶å°æœåŠ¡å™¨localhost:44944å¤±è´¥EOF
21:32:36	[31mERROR[0m	è¿æ¥åˆ°æ§åˆ¶å°æœåŠ¡å™¨localhost:44944å¤±è´¥EOF
21:32:38	[31mERROR[0m	è¿æ¥åˆ°æ§åˆ¶å°æœåŠ¡å™¨localhost:44944å¤±è´¥EOF
21:32:40	[31mERROR[0m	è¿æ¥åˆ°æ§åˆ¶å°æœåŠ¡å™¨localhost:44944å¤±è´¥EOF
21:32:42	[31mERROR[0m	è¿æ¥åˆ°æ§åˆ¶å°æœåŠ¡å™¨localhost:44944å¤±è´¥EOF
21:32:44	[31mERROR[0m	è¿æ¥åˆ°æ§åˆ¶å°æœåŠ¡å™¨localhost:44944å¤±è´¥EOF
21:32:46	[31mERROR[0m	è¿æ¥åˆ°æ§åˆ¶å°æœåŠ¡å™¨localhost:44944å¤±è´¥EOF
21:32:48	[31mERROR[0m	è¿æ¥åˆ°æ§åˆ¶å°æœåŠ¡å™¨localhost:44944å¤±è´¥EOF
21:32:50	[31mERROR[0m	è¿æ¥åˆ°æ§åˆ¶å°æœåŠ¡å™¨localhost:44944å¤±è´¥EOF
21:32:52	[31mERROR[0m	è¿æ¥åˆ°æ§åˆ¶å°æœåŠ¡å™¨localhost:44944å¤±è´¥EOF
21:32:54	[31mERROR[0m	è¿æ¥åˆ°æ§åˆ¶å°æœåŠ¡å™¨localhost:44944å¤±è´¥EOF
21:32:56	[31mERROR[0m	è¿æ¥åˆ°æ§åˆ¶å°æœåŠ¡å™¨localhost:44944å¤±è´¥EOF
21:32:58	[31mERROR[0m	è¿æ¥åˆ°æ§åˆ¶å°æœåŠ¡å™¨localhost:44944å¤±è´¥EOF
21:33:00	[31mERROR[0m	è¿æ¥åˆ°æ§åˆ¶å°æœåŠ¡å™¨localhost:44944å¤±è´¥EOF
21:33:02	[31mERROR[0m	è¿æ¥åˆ°æ§åˆ¶å°æœåŠ¡å™¨localhost:44944å¤±è´¥EOF
21:33:04	[31mERROR[0m	è¿æ¥åˆ°æ§åˆ¶å°æœåŠ¡å™¨localhost:44944å¤±è´¥EOF
21:33:06	[31mERROR[0m	è¿æ¥åˆ°æ§åˆ¶å°æœåŠ¡å™¨localhost:44944å¤±è´¥EOF
21:33:08	[31mERROR[0m	è¿æ¥åˆ°æ§åˆ¶å°æœåŠ¡å™¨localhost:44944å¤±è´¥EOF
21:33:10	[31mERROR[0m	è¿æ¥åˆ°æ§åˆ¶å°æœåŠ¡å™¨localhost:44944å¤±è´¥EOF
21:33:12	[31mERROR[0m	è¿æ¥åˆ°æ§åˆ¶å°æœåŠ¡å™¨localhost:44944å¤±è´¥EOF
21:33:14	[31mERROR[0m	è¿æ¥åˆ°æ§åˆ¶å°æœåŠ¡å™¨localhost:44944å¤±è´¥EOF
21:33:16	[31mERROR[0m	è¿æ¥åˆ°æ§åˆ¶å°æœåŠ¡å™¨localhost:44944å¤±è´¥EOF
21:33:19	[31mERROR[0m	è¿æ¥åˆ°æ§åˆ¶å°æœåŠ¡å™¨localhost:44944å¤±è´¥EOF
21:33:21	[31mERROR[0m	è¿æ¥åˆ°æ§åˆ¶å°æœåŠ¡å™¨localhost:44944å¤±è´¥EOF
21:33:23	[31mERROR[0m	è¿æ¥åˆ°æ§åˆ¶å°æœåŠ¡å™¨localhost:44944å¤±è´¥EOF
21:33:25	[31mERROR[0m	è¿æ¥åˆ°æ§åˆ¶å°æœåŠ¡å™¨localhost:44944å¤±è´¥EOF
21:33:27	[31mERROR[0m	è¿æ¥åˆ°æ§åˆ¶å°æœåŠ¡å™¨localhost:44944å¤±è´¥EOF
21:33:29	[31mERROR[0m	è¿æ¥åˆ°æ§åˆ¶å°æœåŠ¡å™¨localhost:44944å¤±è´¥EOF
21:33:31	[31mERROR[0m	è¿æ¥åˆ°æ§åˆ¶å°æœåŠ¡å™¨localhost:44944å¤±è´¥EOF
21:33:34	[31mERROR[0m	è¿æ¥åˆ°æ§åˆ¶å°æœåŠ¡å™¨localhost:44944å¤±è´¥EOF
21:33:36	[31mERROR[0m	è¿æ¥åˆ°æ§åˆ¶å°æœåŠ¡å™¨localhost:44944å¤±è´¥EOF
21:33:38	[31mERROR[0m	è¿æ¥åˆ°æ§åˆ¶å°æœåŠ¡å™¨localhost:44944å¤±è´¥EOF
21:33:40	[31mERROR[0m	è¿æ¥åˆ°æ§åˆ¶å°æœåŠ¡å™¨localhost:44944å¤±è´¥EOF
21:33:42	[31mERROR[0m	è¿æ¥åˆ°æ§åˆ¶å°æœåŠ¡å™¨localhost:44944å¤±è´¥EOF
21:33:44	[31mERROR[0m	è¿æ¥åˆ°æ§åˆ¶å°æœåŠ¡å™¨localhost:44944å¤±è´¥EOF
21:33:46	[31mERROR[0m	è¿æ¥åˆ°æ§åˆ¶å°æœåŠ¡å™¨localhost:44944å¤±è´¥EOF
21:33:48	[31mERROR[0m	è¿æ¥åˆ°æ§åˆ¶å°æœåŠ¡å™¨localhost:44944å¤±è´¥EOF
21:33:50	[31mERROR[0m	è¿æ¥åˆ°æ§åˆ¶å°æœåŠ¡å™¨localhost:44944å¤±è´¥EOF
21:33:52	[31mERROR[0m	è¿æ¥åˆ°æ§åˆ¶å°æœåŠ¡å™¨localhost:44944å¤±è´¥EOF
21:33:54	[31mERROR[0m	è¿æ¥åˆ°æ§åˆ¶å°æœåŠ¡å™¨localhost:44944å¤±è´¥EOF
21:33:56	[31mERROR[0m	è¿æ¥åˆ°æ§åˆ¶å°æœåŠ¡å™¨localhost:44944å¤±è´¥EOF
21:33:58	[31mERROR[0m	è¿æ¥åˆ°æ§åˆ¶å°æœåŠ¡å™¨localhost:44944å¤±è´¥EOF
21:34:00	[31mERROR[0m	è¿æ¥åˆ°æ§åˆ¶å°æœåŠ¡å™¨localhost:44944å¤±è´¥EOF
21:34:02	[31mERROR[0m	è¿æ¥åˆ°æ§åˆ¶å°æœåŠ¡å™¨localhost:44944å¤±è´¥EOF
21:34:04	[31mERROR[0m	è¿æ¥åˆ°æ§åˆ¶å°æœåŠ¡å™¨localhost:44944å¤±è´¥EOF
21:34:06	[31mERROR[0m	è¿æ¥åˆ°æ§åˆ¶å°æœåŠ¡å™¨localhost:44944å¤±è´¥EOF
21:34:08	[31mERROR[0m	è¿æ¥åˆ°æ§åˆ¶å°æœåŠ¡å™¨localhost:44944å¤±è´¥EOF
21:34:10	[31mERROR[0m	è¿æ¥åˆ°æ§åˆ¶å°æœåŠ¡å™¨localhost:44944å¤±è´¥EOF
21:34:12	[31mERROR[0m	è¿æ¥åˆ°æ§åˆ¶å°æœåŠ¡å™¨localhost:44944å¤±è´¥EOF
21:34:14	[31mERROR[0m	è¿æ¥åˆ°æ§åˆ¶å°æœåŠ¡å™¨localhost:44944å¤±è´¥EOF
21:34:16	[31mERROR[0m	è¿æ¥åˆ°æ§åˆ¶å°æœåŠ¡å™¨localhost:44944å¤±è´¥EOF
21:34:18	[31mERROR[0m	è¿æ¥åˆ°æ§åˆ¶å°æœåŠ¡å™¨localhost:44944å¤±è´¥EOF
21:34:20	[31mERROR[0m	è¿æ¥åˆ°æ§åˆ¶å°æœåŠ¡å™¨localhost:44944å¤±è´¥EOF
21:34:22	[31mERROR[0m	è¿æ¥åˆ°æ§åˆ¶å°æœåŠ¡å™¨localhost:44944å¤±è´¥EOF
21:34:24	[31mERROR[0m	è¿æ¥åˆ°æ§åˆ¶å°æœåŠ¡å™¨localhost:44944å¤±è´¥EOF
21:34:26	[31mERROR[0m	è¿æ¥åˆ°æ§åˆ¶å°æœåŠ¡å™¨localhost:44944å¤±è´¥EOF
21:34:28	[31mERROR[0m	è¿æ¥åˆ°æ§åˆ¶å°æœåŠ¡å™¨localhost:44944å¤±è´¥EOF
21:34:30	[31mERROR[0m	è¿æ¥åˆ°æ§åˆ¶å°æœåŠ¡å™¨localhost:44944å¤±è´¥EOF
21:34:32	[31mERROR[0m	è¿æ¥åˆ°æ§åˆ¶å°æœåŠ¡å™¨localhost:44944å¤±è´¥EOF
21:34:34	[31mERROR[0m	è¿æ¥åˆ°æ§åˆ¶å°æœåŠ¡å™¨localhost:44944å¤±è´¥EOF
21:34:36	[31mERROR[0m	è¿æ¥åˆ°æ§åˆ¶å°æœåŠ¡å™¨localhost:44944å¤±è´¥EOF
21:34:38	[31mERROR[0m	è¿æ¥åˆ°æ§åˆ¶å°æœåŠ¡å™¨localhost:44944å¤±è´¥EOF
21:34:40	[31mERROR[0m	è¿æ¥åˆ°æ§åˆ¶å°æœåŠ¡å™¨localhost:44944å¤±è´¥EOF
21:34:42	[31mERROR[0m	è¿æ¥åˆ°æ§åˆ¶å°æœåŠ¡å™¨localhost:44944å¤±è´¥EOF
21:34:44	[31mERROR[0m	è¿æ¥åˆ°æ§åˆ¶å°æœåŠ¡å™¨localhost:44944å¤±è´¥EOF
21:34:46	[31mERROR[0m	è¿æ¥åˆ°æ§åˆ¶å°æœåŠ¡å™¨localhost:44944å¤±è´¥EOF
21:34:48	[31mERROR[0m	è¿æ¥åˆ°æ§åˆ¶å°æœåŠ¡å™¨localhost:44944å¤±è´¥EOF
21:34:50	[31mERROR[0m	è¿æ¥åˆ°æ§åˆ¶å°æœåŠ¡å™¨localhost:44944å¤±è´¥EOF
21:34:52	[31mERROR[0m	è¿æ¥åˆ°æ§åˆ¶å°æœåŠ¡å™¨localhost:44944å¤±è´¥EOF
21:34:54	[31mERROR[0m	è¿æ¥åˆ°æ§åˆ¶å°æœåŠ¡å™¨localhost:44944å¤±è´¥EOF
21:34:56	[31mERROR[0m	è¿æ¥åˆ°æ§åˆ¶å°æœåŠ¡å™¨localhost:44944å¤±è´¥EOF
21:34:58	[31mERROR[0m	è¿æ¥åˆ°æ§åˆ¶å°æœåŠ¡å™¨localhost:44944å¤±è´¥EOF
21:35:00	[31mERROR[0m	è¿æ¥åˆ°æ§åˆ¶å°æœåŠ¡å™¨localhost:44944å¤±è´¥EOF
21:35:02	[31mERROR[0m	è¿æ¥åˆ°æ§åˆ¶å°æœåŠ¡å™¨localhost:44944å¤±è´¥EOF
21:35:04	[31mERROR[0m	è¿æ¥åˆ°æ§åˆ¶å°æœåŠ¡å™¨localhost:44944å¤±è´¥EOF
21:35:06	[31mERROR[0m	è¿æ¥åˆ°æ§åˆ¶å°æœåŠ¡å™¨localhost:44944å¤±è´¥EOF
21:35:08	[31mERROR[0m	è¿æ¥åˆ°æ§åˆ¶å°æœåŠ¡å™¨localhost:44944å¤±è´¥EOF
21:35:10	[31mERROR[0m	è¿æ¥åˆ°æ§åˆ¶å°æœåŠ¡å™¨localhost:44944å¤±è´¥EOF
21:35:12	[31mERROR[0m	è¿æ¥åˆ°æ§åˆ¶å°æœåŠ¡å™¨localhost:44944å¤±è´¥EOF
21:35:14	[31mERROR[0m	è¿æ¥åˆ°æ§åˆ¶å°æœåŠ¡å™¨localhost:44944å¤±è´¥EOF
21:35:16	[31mERROR[0m	è¿æ¥åˆ°æ§åˆ¶å°æœåŠ¡å™¨localhost:44944å¤±è´¥EOF
21:35:18	[31mERROR[0m	è¿æ¥åˆ°æ§åˆ¶å°æœåŠ¡å™¨localhost:44944å¤±è´¥EOF
21:35:20	[31mERROR[0m	è¿æ¥åˆ°æ§åˆ¶å°æœåŠ¡å™¨localhost:44944å¤±è´¥EOF
21:35:22	[31mERROR[0m	è¿æ¥åˆ°æ§åˆ¶å°æœåŠ¡å™¨localhost:44944å¤±è´¥EOF
21:35:24	[31mERROR[0m	è¿æ¥åˆ°æ§åˆ¶å°æœåŠ¡å™¨localhost:44944å¤±è´¥EOF
21:35:26	[31mERROR[0m	è¿æ¥åˆ°æ§åˆ¶å°æœåŠ¡å™¨localhost:44944å¤±è´¥EOF
21:35:28	[31mERROR[0m	è¿æ¥åˆ°æ§åˆ¶å°æœåŠ¡å™¨localhost:44944å¤±è´¥EOF
21:35:31	[31mERROR[0m	è¿æ¥åˆ°æ§åˆ¶å°æœåŠ¡å™¨localhost:44944å¤±è´¥EOF
21:35:33	[31mERROR[0m	è¿æ¥åˆ°æ§åˆ¶å°æœåŠ¡å™¨localhost:44944å¤±è´¥EOF
21:35:35	[31mERROR[0m	è¿æ¥åˆ°æ§åˆ¶å°æœåŠ¡å™¨localhost:44944å¤±è´¥EOF
21:35:37	[31mERROR[0m	è¿æ¥åˆ°æ§åˆ¶å°æœåŠ¡å™¨localhost:44944å¤±è´¥EOF
21:35:39	[31mERROR[0m	è¿æ¥åˆ°æ§åˆ¶å°æœåŠ¡å™¨localhost:44944å¤±è´¥EOF
21:35:41	[31mERROR[0m	è¿æ¥åˆ°æ§åˆ¶å°æœåŠ¡å™¨localhost:44944å¤±è´¥EOF
21:35:43	[31mERROR[0m	è¿æ¥åˆ°æ§åˆ¶å°æœåŠ¡å™¨localhost:44944å¤±è´¥EOF
21:35:45	[31mERROR[0m	è¿æ¥åˆ°æ§åˆ¶å°æœåŠ¡å™¨localhost:44944å¤±è´¥EOF
21:35:47	[31mERROR[0m	è¿æ¥åˆ°æ§åˆ¶å°æœåŠ¡å™¨localhost:44944å¤±è´¥EOF
21:35:49	[31mERROR[0m	è¿æ¥åˆ°æ§åˆ¶å°æœåŠ¡å™¨localhost:44944å¤±è´¥EOF
21:35:51	[31mERROR[0m	è¿æ¥åˆ°æ§åˆ¶å°æœåŠ¡å™¨localhost:44944å¤±è´¥EOF
